#
# There is insufficient memory for the Java Runtime Environment to continue.
# Native memory allocation (malloc) failed to allocate 826976 bytes for Chunk::new
# Possible reasons:
#   The system is out of physical RAM or swap space
#   The process is running with CompressedOops enabled, and the Java Heap may be blocking the growth of the native heap
# Possible solutions:
#   Reduce memory load on the system
#   Increase physical memory or swap space
#   Check if swap backing store is full
#   Decrease Java heap size (-Xmx/-Xms)
#   Decrease number of Java threads
#   Decrease Java thread stack sizes (-Xss)
#   Set larger code cache with -XX:ReservedCodeCacheSize=
#   JVM is running with Unscaled Compressed Oops mode in which the Java heap is
#     placed in the first 4GB address space. The Java Heap base address is the
#     maximum limit for the native heap growth. Please use -XX:HeapBaseMinAddress
#     to set the Java Heap base and to place the Java Heap above 4GB virtual address.
# This output file may be truncated or incomplete.
#
#  Out of Memory Error (arena.cpp:191), pid=4176, tid=17240
#
# JRE version: OpenJDK Runtime Environment Temurin-17.0.9+9 (17.0.9+9) (build 17.0.9+9)
# Java VM: OpenJDK 64-Bit Server VM Temurin-17.0.9+9 (17.0.9+9, mixed mode, tiered, compressed oops, compressed class ptrs, parallel gc, windows-amd64)
# No core dump will be written. Minidumps are not enabled by default on client versions of Windows
#

---------------  S U M M A R Y ------------

Command Line: --add-modules=ALL-SYSTEM --add-opens=java.base/java.util=ALL-UNNAMED --add-opens=java.base/java.lang=ALL-UNNAMED --add-opens=java.base/sun.nio.fs=ALL-UNNAMED -Declipse.application=org.eclipse.jdt.ls.core.id1 -Dosgi.bundles.defaultStartLevel=4 -Declipse.product=org.eclipse.jdt.ls.core.product -Djava.import.generatesMetadataFilesAtProjectRoot=false -DDetectVMInstallationsJob.disabled=true -Dfile.encoding=utf8 -XX:+UseParallelGC -XX:GCTimeRatio=4 -XX:AdaptiveSizePolicyWeight=90 -Dsun.zip.disableMemoryMapping=true -Xmx1G -Xms100m -Xlog:disable -javaagent:c:\Users\Ruslan\.vscode\extensions\redhat.java-1.25.1-win32-x64\lombok\lombok-1.18.30.jar -XX:+HeapDumpOnOutOfMemoryError -XX:HeapDumpPath=c:\Users\Ruslan\AppData\Roaming\Code\User\workspaceStorage\ad3a9262738548226c33eed2468be03e\redhat.java -Daether.dependencyCollector.impl=bf c:\Users\Ruslan\.vscode\extensions\redhat.java-1.25.1-win32-x64\server\plugins\org.eclipse.equinox.launcher_1.6.600.v20231106-1826.jar -configuration c:\Users\Ruslan\AppData\Roaming\Code\User\globalStorage\redhat.java\1.25.1\config_win -data c:\Users\Ruslan\AppData\Roaming\Code\User\workspaceStorage\ad3a9262738548226c33eed2468be03e\redhat.java\jdt_ws --stdio

Host: 13th Gen Intel(R) Core(TM) i7-13700H, 20 cores, 15G,  Windows 11 , 64 bit Build 22621 (10.0.22621.1928)
Time: Fri Dec 29 19:01:06 2023 RTZ 2 (s 11 , 64 bit Build 22621 (10.0.22621.1928) elapsed time: 12065.298119 seconds (0d 3h 21m 5s)

---------------  T H R E A D  ---------------

Current thread (0x0000026fbc386db0):  JavaThread "C2 CompilerThread2" daemon [_thread_in_native, id=17240, stack(0x0000009ed5c00000,0x0000009ed5d00000)]


Current CompileTask:
C2:12065298 12137       4       org.eclipse.jdt.internal.compiler.lookup.AnnotatableTypeSystem::getParameterizedType (123 bytes)

Stack: [0x0000009ed5c00000,0x0000009ed5d00000]
Native frames: (J=compiled Java code, j=interpreted, Vv=VM code, C=native code)
V  [jvm.dll+0x67cf49]
V  [jvm.dll+0x83478a]
V  [jvm.dll+0x83624e]
V  [jvm.dll+0x8368b3]
V  [jvm.dll+0x247f1f]
V  [jvm.dll+0xac43c]
V  [jvm.dll+0xaca8c]
V  [jvm.dll+0x2af45f]
V  [jvm.dll+0x5853f7]
V  [jvm.dll+0x222f62]
V  [jvm.dll+0x21bc8d]
V  [jvm.dll+0x2198c1]
V  [jvm.dll+0x1a57cd]
V  [jvm.dll+0x2297ae]
V  [jvm.dll+0x22797c]
V  [jvm.dll+0x7e9877]
V  [jvm.dll+0x7e3c3a]
V  [jvm.dll+0x67be35]
C  [ucrtbase.dll+0x29363]
C  [KERNEL32.DLL+0x126ad]
C  [ntdll.dll+0x5aa68]


---------------  P R O C E S S  ---------------

Threads class SMR info:
_java_thread_list=0x0000026fc9cf83c0, length=39, elements={
0x0000026f9bfe85e0, 0x0000026fafe7bb00, 0x0000026fafe7e1a0, 0x0000026fb5285c50,
0x0000026fb5287630, 0x0000026fb5288eb0, 0x0000026fb5289980, 0x0000026fb528c2f0,
0x0000026fb52b5520, 0x0000026fb52bea10, 0x0000026f9c04a780, 0x0000026fb78d95b0,
0x0000026fb80a0df0, 0x0000026fb8072970, 0x0000026fb80dd5d0, 0x0000026fb8a11330,
0x0000026fb82ab500, 0x0000026fb80a55e0, 0x0000026fb80a6a20, 0x0000026fb80a6f30,
0x0000026fb80a7950, 0x0000026fb80a46b0, 0x0000026fb80a5af0, 0x0000026fb80a41a0,
0x0000026fba426640, 0x0000026fba426130, 0x0000026fbc584b20, 0x0000026fbc589710,
0x0000026fbc5882d0, 0x0000026fbc5873a0, 0x0000026fbc5836e0, 0x0000026fbc583bf0,
0x0000026fbc588cf0, 0x0000026fbc38cd50, 0x0000026fbc386db0, 0x0000026fbc38d2a0,
0x0000026fbc38b2c0, 0x0000026fbc385870, 0x0000026fbc585540
}

Java Threads: ( => current thread )
  0x0000026f9bfe85e0 JavaThread "main" [_thread_blocked, id=4304, stack(0x0000009ed2c00000,0x0000009ed2d00000)]
  0x0000026fafe7bb00 JavaThread "Reference Handler" daemon [_thread_blocked, id=14088, stack(0x0000009ed2f00000,0x0000009ed3000000)]
  0x0000026fafe7e1a0 JavaThread "Finalizer" daemon [_thread_blocked, id=10328, stack(0x0000009ed3000000,0x0000009ed3100000)]
  0x0000026fb5285c50 JavaThread "Signal Dispatcher" daemon [_thread_blocked, id=12584, stack(0x0000009ed3100000,0x0000009ed3200000)]
  0x0000026fb5287630 JavaThread "Attach Listener" daemon [_thread_blocked, id=10728, stack(0x0000009ed3200000,0x0000009ed3300000)]
  0x0000026fb5288eb0 JavaThread "Service Thread" daemon [_thread_blocked, id=11016, stack(0x0000009ed3300000,0x0000009ed3400000)]
  0x0000026fb5289980 JavaThread "Monitor Deflation Thread" daemon [_thread_blocked, id=10632, stack(0x0000009ed3400000,0x0000009ed3500000)]
  0x0000026fb528c2f0 JavaThread "C2 CompilerThread0" daemon [_thread_in_native, id=10648, stack(0x0000009ed3500000,0x0000009ed3600000)]
  0x0000026fb52b5520 JavaThread "C1 CompilerThread0" daemon [_thread_blocked, id=10636, stack(0x0000009ed3600000,0x0000009ed3700000)]
  0x0000026fb52bea10 JavaThread "Sweeper thread" daemon [_thread_blocked, id=10640, stack(0x0000009ed3700000,0x0000009ed3800000)]
  0x0000026f9c04a780 JavaThread "Common-Cleaner" daemon [_thread_blocked, id=2856, stack(0x0000009ed3800000,0x0000009ed3900000)]
  0x0000026fb78d95b0 JavaThread "Notification Thread" daemon [_thread_blocked, id=11324, stack(0x0000009ed3e00000,0x0000009ed3f00000)]
  0x0000026fb80a0df0 JavaThread "Active Thread: Equinox Container: f559d82d-4598-445d-aa52-50f7b5e1fec8" [_thread_blocked, id=2904, stack(0x0000009ed4000000,0x0000009ed4100000)]
  0x0000026fb8072970 JavaThread "Framework Event Dispatcher: Equinox Container: f559d82d-4598-445d-aa52-50f7b5e1fec8" daemon [_thread_blocked, id=14612, stack(0x0000009ed4600000,0x0000009ed4700000)]
  0x0000026fb80dd5d0 JavaThread "Start Level: Equinox Container: f559d82d-4598-445d-aa52-50f7b5e1fec8" daemon [_thread_blocked, id=6388, stack(0x0000009ed4700000,0x0000009ed4800000)]
  0x0000026fb8a11330 JavaThread "Bundle File Closer" daemon [_thread_blocked, id=13200, stack(0x0000009ed4a00000,0x0000009ed4b00000)]
  0x0000026fb82ab500 JavaThread "SCR Component Actor" daemon [_thread_blocked, id=13024, stack(0x0000009ed4b00000,0x0000009ed4c00000)]
  0x0000026fb80a55e0 JavaThread "Worker-JM" [_thread_blocked, id=15564, stack(0x0000009ed5000000,0x0000009ed5100000)]
  0x0000026fb80a6a20 JavaThread "Worker-1" [_thread_blocked, id=15800, stack(0x0000009ed5300000,0x0000009ed5400000)]
  0x0000026fb80a6f30 JavaThread "Java indexing" daemon [_thread_blocked, id=16212, stack(0x0000009ed5700000,0x0000009ed5800000)]
  0x0000026fb80a7950 JavaThread "JNA Cleaner" daemon [_thread_blocked, id=7560, stack(0x0000009ed5a00000,0x0000009ed5b00000)]
  0x0000026fb80a46b0 JavaThread "pool-2-thread-1" [_thread_blocked, id=9400, stack(0x0000009ed5d00000,0x0000009ed5e00000)]
  0x0000026fb80a5af0 JavaThread "WorkspaceEventsHandler" [_thread_blocked, id=15372, stack(0x0000009ed5e00000,0x0000009ed5f00000)]
  0x0000026fb80a41a0 JavaThread "pool-1-thread-1" [_thread_in_native, id=15384, stack(0x0000009ed5f00000,0x0000009ed6000000)]
  0x0000026fba426640 JavaThread "Timer-0" [_thread_blocked, id=16052, stack(0x0000009ed3a00000,0x0000009ed3b00000)]
  0x0000026fba426130 JavaThread "Timer-1" [_thread_blocked, id=7240, stack(0x0000009ed3900000,0x0000009ed3a00000)]
  0x0000026fbc584b20 JavaThread "Worker-6" [_thread_blocked, id=12652, stack(0x0000009ed3c00000,0x0000009ed3d00000)]
  0x0000026fbc589710 JavaThread "ForkJoinPool.commonPool-worker-14" daemon [_thread_blocked, id=16436, stack(0x0000009ed3b00000,0x0000009ed3c00000)]
  0x0000026fbc5882d0 JavaThread "Worker-8" [_thread_blocked, id=6160, stack(0x0000009ed3d00000,0x0000009ed3e00000)]
  0x0000026fbc5873a0 JavaThread "ForkJoinPool.commonPool-worker-15" daemon [_thread_blocked, id=19796, stack(0x0000009ed4e00000,0x0000009ed4f00000)]
  0x0000026fbc5836e0 JavaThread "ForkJoinPool.commonPool-worker-16" daemon [_thread_blocked, id=6640, stack(0x0000009ed5200000,0x0000009ed5300000)]
  0x0000026fbc583bf0 JavaThread "ForkJoinPool.commonPool-worker-17" daemon [_thread_in_Java, id=18400, stack(0x0000009ed5800000,0x0000009ed5900000)]
  0x0000026fbc588cf0 JavaThread "ForkJoinPool.commonPool-worker-18" daemon [_thread_blocked, id=13432, stack(0x0000009ed5900000,0x0000009ed5a00000)]
  0x0000026fbc38cd50 JavaThread "C2 CompilerThread1" daemon [_thread_in_native, id=16432, stack(0x0000009ed5b00000,0x0000009ed5c00000)]
=>0x0000026fbc386db0 JavaThread "C2 CompilerThread2" daemon [_thread_in_native, id=17240, stack(0x0000009ed5c00000,0x0000009ed5d00000)]
  0x0000026fbc38d2a0 JavaThread "C2 CompilerThread3" daemon [_thread_in_native, id=18680, stack(0x0000009ed6000000,0x0000009ed6100000)]
  0x0000026fbc38b2c0 JavaThread "C1 CompilerThread1" daemon [_thread_blocked, id=18684, stack(0x0000009ed6100000,0x0000009ed6200000)]
  0x0000026fbc385870 JavaThread "C1 CompilerThread2" daemon [_thread_blocked, id=18688, stack(0x0000009ed6200000,0x0000009ed6300000)]
  0x0000026fbc585540 JavaThread "ForkJoinPool.commonPool-worker-19" daemon [_thread_blocked, id=18732, stack(0x0000009ed6300000,0x0000009ed6400000)]

Other Threads:
  0x0000026f9c09eb80 VMThread "VM Thread" [stack: 0x0000009ed2e00000,0x0000009ed2f00000] [id=14700]
  0x0000026fb78d9a90 WatcherThread [stack: 0x0000009ed3f00000,0x0000009ed4000000] [id=9148]
  0x0000026f9bffd8d0 GCTaskThread "GC Thread#0" [stack: 0x0000009ed2d00000,0x0000009ed2e00000] [id=3812]
  0x0000026fb7e2e080 GCTaskThread "GC Thread#1" [stack: 0x0000009ed4100000,0x0000009ed4200000] [id=12104]
  0x0000026fb7d7b0b0 GCTaskThread "GC Thread#2" [stack: 0x0000009ed4200000,0x0000009ed4300000] [id=15096]
  0x0000026fb7d7b370 GCTaskThread "GC Thread#3" [stack: 0x0000009ed4300000,0x0000009ed4400000] [id=11100]
  0x0000026fb7d7b630 GCTaskThread "GC Thread#4" [stack: 0x0000009ed4400000,0x0000009ed4500000] [id=3040]
  0x0000026fb81f4780 GCTaskThread "GC Thread#5" [stack: 0x0000009ed4500000,0x0000009ed4600000] [id=7548]
  0x0000026fb8088960 GCTaskThread "GC Thread#6" [stack: 0x0000009ed4800000,0x0000009ed4900000] [id=13728]
  0x0000026fb85e5870 GCTaskThread "GC Thread#7" [stack: 0x0000009ed4900000,0x0000009ed4a00000] [id=14928]
  0x0000026fb88ea2c0 GCTaskThread "GC Thread#8" [stack: 0x0000009ed4c00000,0x0000009ed4d00000] [id=4548]
  0x0000026fb8ac8610 GCTaskThread "GC Thread#9" [stack: 0x0000009ed4d00000,0x0000009ed4e00000] [id=12452]
  0x0000026fb8757090 GCTaskThread "GC Thread#10" [stack: 0x0000009ed4f00000,0x0000009ed5000000] [id=15528]
  0x0000026fb88fa390 GCTaskThread "GC Thread#11" [stack: 0x0000009ed5100000,0x0000009ed5200000] [id=15612]
  0x0000026fb88c0340 GCTaskThread "GC Thread#12" [stack: 0x0000009ed5400000,0x0000009ed5500000] [id=15904]
  0x0000026fb88c0600 GCTaskThread "GC Thread#13" [stack: 0x0000009ed5500000,0x0000009ed5600000] [id=16080]
  0x0000026fb88c08c0 GCTaskThread "GC Thread#14" [stack: 0x0000009ed5600000,0x0000009ed5700000] [id=16084]

Threads with active compile tasks:
C2 CompilerThread0  12065329 12232   !   4       org.eclipse.jdt.internal.compiler.parser.Scanner::getNextToken0 (2517 bytes)
C2 CompilerThread1  12065329 12194       4       org.eclipse.core.internal.resources.ProjectPreferences::nodeExists (124 bytes)
C2 CompilerThread2  12065329 12137       4       org.eclipse.jdt.internal.compiler.lookup.AnnotatableTypeSystem::getParameterizedType (123 bytes)
C2 CompilerThread3  12065329 12145   !   4       org.eclipse.jdt.internal.core.ClassFile::existsUsingJarTypeCache (161 bytes)

VM state: not at safepoint (normal execution)

VM Mutex/Monitor currently owned by a thread: None

Heap address: 0x00000000c0000000, size: 1024 MB, Compressed Oops mode: 32-bit

CDS archive(s) not mapped
Compressed class space mapped at: 0x0000000100000000-0x0000000140000000, reserved size: 1073741824
Narrow klass base: 0x0000000000000000, Narrow klass shift: 3, Narrow klass range: 0x140000000

GC Precious Log:
 CPUs: 20 total, 20 available
 Memory: 16068M
 Large Page Support: Disabled
 NUMA Support: Disabled
 Compressed Oops: Enabled (32-bit)
 Alignments: Space 512K, Generation 512K, Heap 2M
 Heap Min Capacity: 100M
 Heap Initial Capacity: 100M
 Heap Max Capacity: 1G
 Pre-touch: Disabled
 Parallel Workers: 15

Heap:
 PSYoungGen      total 17408K, used 8155K [0x00000000eab00000, 0x00000000ec100000, 0x0000000100000000)
  eden space 13824K, 33% used [0x00000000eab00000,0x00000000eaf7e450,0x00000000eb880000)
  from space 3584K, 99% used [0x00000000ebc80000,0x00000000ebff89a0,0x00000000ec000000)
  to   space 4096K, 0% used [0x00000000eb880000,0x00000000eb880000,0x00000000ebc80000)
 ParOldGen       total 148992K, used 103080K [0x00000000c0000000, 0x00000000c9180000, 0x00000000eab00000)
  object space 148992K, 69% used [0x00000000c0000000,0x00000000c64aa370,0x00000000c9180000)
 Metaspace       used 86377K, committed 87552K, reserved 1179648K
  class space    used 9599K, committed 10112K, reserved 1048576K

Card table byte_map: [0x0000026f9b980000,0x0000026f9bb90000] _byte_map_base: 0x0000026f9b380000

Marking Bits: (ParMarkBitMap*) 0x00007ffac7bbd0b0
 Begin Bits: [0x0000026fadc80000, 0x0000026faec80000)
 End Bits:   [0x0000026faec80000, 0x0000026fafc80000)

Polling page: 0x0000026f99f70000

Metaspace:

Usage:
  Non-class:     74.98 MB used.
      Class:      9.37 MB used.
       Both:     84.35 MB used.

Virtual space:
  Non-class space:      128.00 MB reserved,      75.62 MB ( 59%) committed,  2 nodes.
      Class space:        1.00 GB reserved,       9.88 MB ( <1%) committed,  1 nodes.
             Both:        1.12 GB reserved,      85.50 MB (  7%) committed. 

Chunk freelists:
   Non-Class:  4.03 MB
       Class:  6.14 MB
        Both:  10.17 MB

MaxMetaspaceSize: unlimited
CompressedClassSpaceSize: 1.00 GB
Initial GC threshold: 21.00 MB
Current GC threshold: 138.44 MB
CDS: off
MetaspaceReclaimPolicy: balanced
 - commit_granule_bytes: 65536.
 - commit_granule_words: 8192.
 - virtual_space_node_default_size: 8388608.
 - enlarge_chunks_in_place: 1.
 - new_chunks_are_fully_committed: 0.
 - uncommit_free_chunks: 1.
 - use_allocation_guard: 0.
 - handle_deallocations: 1.


Internal statistics:

num_allocs_failed_limit: 9.
num_arena_births: 766.
num_arena_deaths: 14.
num_vsnodes_births: 3.
num_vsnodes_deaths: 0.
num_space_committed: 1368.
num_space_uncommitted: 0.
num_chunks_returned_to_freelist: 23.
num_chunks_taken_from_freelist: 4046.
num_chunk_merges: 11.
num_chunk_splits: 2639.
num_chunks_enlarged: 1710.
num_inconsistent_stats: 0.

CodeHeap 'non-profiled nmethods': size=119168Kb used=7560Kb max_used=7560Kb free=111607Kb
 bounds [0x0000026fa6820000, 0x0000026fa6f90000, 0x0000026fadc80000]
CodeHeap 'profiled nmethods': size=119104Kb used=22624Kb max_used=22624Kb free=96479Kb
 bounds [0x0000026f9ec80000, 0x0000026fa02a0000, 0x0000026fa60d0000]
CodeHeap 'non-nmethods': size=7488Kb used=2545Kb max_used=3220Kb free=4942Kb
 bounds [0x0000026fa60d0000, 0x0000026fa6460000, 0x0000026fa6820000]
 total_blobs=10951 nmethods=10175 adapters=685
 compilation: enabled
              stopped_count=0, restarted_count=0
 full_count=0

Compilation events (20 events):
Event: 12065.291 Thread 0x0000026fbc38b2c0 12223       3       org.eclipse.jdt.internal.compiler.ast.TypeReference::getParameterizedTypeName (5 bytes)
Event: 12065.292 Thread 0x0000026fbc38b2c0 nmethod 12223 0x0000026fa0263390 code [0x0000026fa0263540, 0x0000026fa0263708]
Event: 12065.292 Thread 0x0000026fbc38b2c0 12220       3       org.eclipse.jdt.internal.compiler.ast.Argument::isVarArgs (25 bytes)
Event: 12065.292 Thread 0x0000026fbc385870 nmethod 12221 0x0000026fa0260c10 code [0x0000026fa0260f60, 0x0000026fa0262a08]
Event: 12065.292 Thread 0x0000026fbc385870 12218       3       org.eclipse.jdt.internal.core.BinaryField::<init> (7 bytes)
Event: 12065.292 Thread 0x0000026fb528c2f0 nmethod 12124 0x0000026fa6ce0c10 code [0x0000026fa6ce0f60, 0x0000026fa6ce42d0]
Event: 12065.292 Thread 0x0000026fbc38b2c0 nmethod 12220 0x0000026fa0263790 code [0x0000026fa0263920, 0x0000026fa0263ad8]
Event: 12065.292 Thread 0x0000026fbc38b2c0 12215       3       org.eclipse.jdt.internal.compiler.SourceElementParser::consumeFormalParameter (18 bytes)
Event: 12065.292 Thread 0x0000026fbc38b2c0 nmethod 12215 0x0000026fa0263b90 code [0x0000026fa0263d40, 0x0000026fa0263f38]
Event: 12065.293 Thread 0x0000026fbc38b2c0 12222       3       org.eclipse.jdt.internal.core.BinaryType::getMethod (11 bytes)
Event: 12065.293 Thread 0x0000026fbc385870 nmethod 12218 0x0000026fa0264010 code [0x0000026fa02641e0, 0x0000026fa0264688]
Event: 12065.293 Thread 0x0000026fb528c2f0 12177       4       org.eclipse.core.runtime.Path::append (150 bytes)
Event: 12065.293 Thread 0x0000026fbc385870 12213       3       org.eclipse.jdt.internal.compiler.parser.Parser::consumeMethodHeader (186 bytes)
Event: 12065.293 Thread 0x0000026fbc38b2c0 nmethod 12222 0x0000026fa0264890 code [0x0000026fa0264a80, 0x0000026fa02650a8]
Event: 12065.293 Thread 0x0000026fbc38b2c0 12211       3       org.eclipse.jdt.internal.compiler.SourceElementParser::rememberCategories (51 bytes)
Event: 12065.293 Thread 0x0000026fbc38b2c0 nmethod 12211 0x0000026fa0265390 code [0x0000026fa0265540, 0x0000026fa0265908]
Event: 12065.293 Thread 0x0000026fbc38b2c0 12217       3       org.eclipse.jdt.internal.compiler.parser.Parser::consumeDefaultModifiers (47 bytes)
Event: 12065.293 Thread 0x0000026fbc385870 nmethod 12213 0x0000026fa0265a90 code [0x0000026fa0265c80, 0x0000026fa02664a8]
Event: 12065.293 Thread 0x0000026fbc38b2c0 nmethod 12217 0x0000026fa0266710 code [0x0000026fa0266900, 0x0000026fa0266e08]
Event: 12065.296 Thread 0x0000026fbc38cd50 nmethod 12188 0x0000026fa6f7f190 code [0x0000026fa6f7f3c0, 0x0000026fa6f80368]

GC Heap History (20 events):
Event: 19.024 GC heap before
{Heap before GC invocations=89 (full 7):
 PSYoungGen      total 18944K, used 18507K [0x00000000eab00000, 0x00000000ec100000, 0x0000000100000000)
  eden space 15360K, 100% used [0x00000000eab00000,0x00000000eba00000,0x00000000eba00000)
  from space 3584K, 87% used [0x00000000ebd80000,0x00000000ec092e00,0x00000000ec100000)
  to   space 3584K, 0% used [0x00000000eba00000,0x00000000eba00000,0x00000000ebd80000)
 ParOldGen       total 148992K, used 99241K [0x00000000c0000000, 0x00000000c9180000, 0x00000000eab00000)
  object space 148992K, 66% used [0x00000000c0000000,0x00000000c60ea748,0x00000000c9180000)
 Metaspace       used 84002K, committed 85248K, reserved 1179648K
  class space    used 9426K, committed 9984K, reserved 1048576K
}
Event: 19.025 GC heap after
{Heap after GC invocations=89 (full 7):
 PSYoungGen      total 16896K, used 1206K [0x00000000eab00000, 0x00000000ebe00000, 0x0000000100000000)
  eden space 15360K, 0% used [0x00000000eab00000,0x00000000eab00000,0x00000000eba00000)
  from space 1536K, 78% used [0x00000000eba00000,0x00000000ebb2d808,0x00000000ebb80000)
  to   space 2048K, 0% used [0x00000000ebc00000,0x00000000ebc00000,0x00000000ebe00000)
 ParOldGen       total 148992K, used 99249K [0x00000000c0000000, 0x00000000c9180000, 0x00000000eab00000)
  object space 148992K, 66% used [0x00000000c0000000,0x00000000c60ec748,0x00000000c9180000)
 Metaspace       used 84002K, committed 85248K, reserved 1179648K
  class space    used 9426K, committed 9984K, reserved 1048576K
}
Event: 19.120 GC heap before
{Heap before GC invocations=90 (full 7):
 PSYoungGen      total 16896K, used 16566K [0x00000000eab00000, 0x00000000ebe00000, 0x0000000100000000)
  eden space 15360K, 100% used [0x00000000eab00000,0x00000000eba00000,0x00000000eba00000)
  from space 1536K, 78% used [0x00000000eba00000,0x00000000ebb2d808,0x00000000ebb80000)
  to   space 2048K, 0% used [0x00000000ebc00000,0x00000000ebc00000,0x00000000ebe00000)
 ParOldGen       total 148992K, used 99249K [0x00000000c0000000, 0x00000000c9180000, 0x00000000eab00000)
  object space 148992K, 66% used [0x00000000c0000000,0x00000000c60ec748,0x00000000c9180000)
 Metaspace       used 84011K, committed 85248K, reserved 1179648K
  class space    used 9428K, committed 9984K, reserved 1048576K
}
Event: 19.121 GC heap after
{Heap after GC invocations=90 (full 7):
 PSYoungGen      total 16896K, used 1362K [0x00000000eab00000, 0x00000000ebd80000, 0x0000000100000000)
  eden space 15360K, 0% used [0x00000000eab00000,0x00000000eab00000,0x00000000eba00000)
  from space 1536K, 88% used [0x00000000ebc00000,0x00000000ebd54ae0,0x00000000ebd80000)
  to   space 1536K, 0% used [0x00000000eba00000,0x00000000eba00000,0x00000000ebb80000)
 ParOldGen       total 148992K, used 99257K [0x00000000c0000000, 0x00000000c9180000, 0x00000000eab00000)
  object space 148992K, 66% used [0x00000000c0000000,0x00000000c60ee748,0x00000000c9180000)
 Metaspace       used 84011K, committed 85248K, reserved 1179648K
  class space    used 9428K, committed 9984K, reserved 1048576K
}
Event: 19.221 GC heap before
{Heap before GC invocations=91 (full 7):
 PSYoungGen      total 16896K, used 16722K [0x00000000eab00000, 0x00000000ebd80000, 0x0000000100000000)
  eden space 15360K, 100% used [0x00000000eab00000,0x00000000eba00000,0x00000000eba00000)
  from space 1536K, 88% used [0x00000000ebc00000,0x00000000ebd54ae0,0x00000000ebd80000)
  to   space 1536K, 0% used [0x00000000eba00000,0x00000000eba00000,0x00000000ebb80000)
 ParOldGen       total 148992K, used 99257K [0x00000000c0000000, 0x00000000c9180000, 0x00000000eab00000)
  object space 148992K, 66% used [0x00000000c0000000,0x00000000c60ee748,0x00000000c9180000)
 Metaspace       used 84034K, committed 85248K, reserved 1179648K
  class space    used 9431K, committed 9984K, reserved 1048576K
}
Event: 19.222 GC heap after
{Heap after GC invocations=91 (full 7):
 PSYoungGen      total 16896K, used 1302K [0x00000000eab00000, 0x00000000ebd00000, 0x0000000100000000)
  eden space 15360K, 0% used [0x00000000eab00000,0x00000000eab00000,0x00000000eba00000)
  from space 1536K, 84% used [0x00000000eba00000,0x00000000ebb45808,0x00000000ebb80000)
  to   space 1536K, 0% used [0x00000000ebb80000,0x00000000ebb80000,0x00000000ebd00000)
 ParOldGen       total 148992K, used 99265K [0x00000000c0000000, 0x00000000c9180000, 0x00000000eab00000)
  object space 148992K, 66% used [0x00000000c0000000,0x00000000c60f0748,0x00000000c9180000)
 Metaspace       used 84034K, committed 85248K, reserved 1179648K
  class space    used 9431K, committed 9984K, reserved 1048576K
}
Event: 19.273 GC heap before
{Heap before GC invocations=92 (full 7):
 PSYoungGen      total 16896K, used 16662K [0x00000000eab00000, 0x00000000ebd00000, 0x0000000100000000)
  eden space 15360K, 100% used [0x00000000eab00000,0x00000000eba00000,0x00000000eba00000)
  from space 1536K, 84% used [0x00000000eba00000,0x00000000ebb45808,0x00000000ebb80000)
  to   space 1536K, 0% used [0x00000000ebb80000,0x00000000ebb80000,0x00000000ebd00000)
 ParOldGen       total 148992K, used 99265K [0x00000000c0000000, 0x00000000c9180000, 0x00000000eab00000)
  object space 148992K, 66% used [0x00000000c0000000,0x00000000c60f0748,0x00000000c9180000)
 Metaspace       used 84068K, committed 85312K, reserved 1179648K
  class space    used 9434K, committed 9984K, reserved 1048576K
}
Event: 19.274 GC heap after
{Heap after GC invocations=92 (full 7):
 PSYoungGen      total 16384K, used 1515K [0x00000000eab00000, 0x00000000ebe00000, 0x0000000100000000)
  eden space 14848K, 0% used [0x00000000eab00000,0x00000000eab00000,0x00000000eb980000)
  from space 1536K, 98% used [0x00000000ebb80000,0x00000000ebcfad10,0x00000000ebd00000)
  to   space 2048K, 0% used [0x00000000eb980000,0x00000000eb980000,0x00000000ebb80000)
 ParOldGen       total 148992K, used 99554K [0x00000000c0000000, 0x00000000c9180000, 0x00000000eab00000)
  object space 148992K, 66% used [0x00000000c0000000,0x00000000c6138b88,0x00000000c9180000)
 Metaspace       used 84068K, committed 85312K, reserved 1179648K
  class space    used 9434K, committed 9984K, reserved 1048576K
}
Event: 19.370 GC heap before
{Heap before GC invocations=93 (full 7):
 PSYoungGen      total 16384K, used 16363K [0x00000000eab00000, 0x00000000ebe00000, 0x0000000100000000)
  eden space 14848K, 100% used [0x00000000eab00000,0x00000000eb980000,0x00000000eb980000)
  from space 1536K, 98% used [0x00000000ebb80000,0x00000000ebcfad10,0x00000000ebd00000)
  to   space 2048K, 0% used [0x00000000eb980000,0x00000000eb980000,0x00000000ebb80000)
 ParOldGen       total 148992K, used 99554K [0x00000000c0000000, 0x00000000c9180000, 0x00000000eab00000)
  object space 148992K, 66% used [0x00000000c0000000,0x00000000c6138b88,0x00000000c9180000)
 Metaspace       used 84232K, committed 85440K, reserved 1179648K
  class space    used 9439K, committed 9984K, reserved 1048576K
}
Event: 19.371 GC heap after
{Heap after GC invocations=93 (full 7):
 PSYoungGen      total 16896K, used 2020K [0x00000000eab00000, 0x00000000ec080000, 0x0000000100000000)
  eden space 14848K, 0% used [0x00000000eab00000,0x00000000eab00000,0x00000000eb980000)
  from space 2048K, 98% used [0x00000000eb980000,0x00000000ebb79008,0x00000000ebb80000)
  to   space 3584K, 0% used [0x00000000ebd00000,0x00000000ebd00000,0x00000000ec080000)
 ParOldGen       total 148992K, used 100599K [0x00000000c0000000, 0x00000000c9180000, 0x00000000eab00000)
  object space 148992K, 67% used [0x00000000c0000000,0x00000000c623deb8,0x00000000c9180000)
 Metaspace       used 84232K, committed 85440K, reserved 1179648K
  class space    used 9439K, committed 9984K, reserved 1048576K
}
Event: 19.577 GC heap before
{Heap before GC invocations=94 (full 7):
 PSYoungGen      total 16896K, used 16868K [0x00000000eab00000, 0x00000000ec080000, 0x0000000100000000)
  eden space 14848K, 100% used [0x00000000eab00000,0x00000000eb980000,0x00000000eb980000)
  from space 2048K, 98% used [0x00000000eb980000,0x00000000ebb79008,0x00000000ebb80000)
  to   space 3584K, 0% used [0x00000000ebd00000,0x00000000ebd00000,0x00000000ec080000)
 ParOldGen       total 148992K, used 100599K [0x00000000c0000000, 0x00000000c9180000, 0x00000000eab00000)
  object space 148992K, 67% used [0x00000000c0000000,0x00000000c623deb8,0x00000000c9180000)
 Metaspace       used 85490K, committed 86656K, reserved 1179648K
  class space    used 9546K, committed 10048K, reserved 1048576K
}
Event: 19.579 GC heap after
{Heap after GC invocations=94 (full 7):
 PSYoungGen      total 18432K, used 3279K [0x00000000eab00000, 0x00000000ec080000, 0x0000000100000000)
  eden space 14848K, 0% used [0x00000000eab00000,0x00000000eab00000,0x00000000eb980000)
  from space 3584K, 91% used [0x00000000ebd00000,0x00000000ec033e08,0x00000000ec080000)
  to   space 3584K, 0% used [0x00000000eb980000,0x00000000eb980000,0x00000000ebd00000)
 ParOldGen       total 148992K, used 100647K [0x00000000c0000000, 0x00000000c9180000, 0x00000000eab00000)
  object space 148992K, 67% used [0x00000000c0000000,0x00000000c6249eb8,0x00000000c9180000)
 Metaspace       used 85490K, committed 86656K, reserved 1179648K
  class space    used 9546K, committed 10048K, reserved 1048576K
}
Event: 19.982 GC heap before
{Heap before GC invocations=95 (full 7):
 PSYoungGen      total 18432K, used 18127K [0x00000000eab00000, 0x00000000ec080000, 0x0000000100000000)
  eden space 14848K, 100% used [0x00000000eab00000,0x00000000eb980000,0x00000000eb980000)
  from space 3584K, 91% used [0x00000000ebd00000,0x00000000ec033e08,0x00000000ec080000)
  to   space 3584K, 0% used [0x00000000eb980000,0x00000000eb980000,0x00000000ebd00000)
 ParOldGen       total 148992K, used 100647K [0x00000000c0000000, 0x00000000c9180000, 0x00000000eab00000)
  object space 148992K, 67% used [0x00000000c0000000,0x00000000c6249eb8,0x00000000c9180000)
 Metaspace       used 85685K, committed 86912K, reserved 1179648K
  class space    used 9570K, committed 10112K, reserved 1048576K
}
Event: 19.986 GC heap after
{Heap after GC invocations=95 (full 7):
 PSYoungGen      total 18432K, used 3576K [0x00000000eab00000, 0x00000000ec180000, 0x0000000100000000)
  eden space 14848K, 0% used [0x00000000eab00000,0x00000000eab00000,0x00000000eb980000)
  from space 3584K, 99% used [0x00000000eb980000,0x00000000ebcfe208,0x00000000ebd00000)
  to   space 4096K, 0% used [0x00000000ebd80000,0x00000000ebd80000,0x00000000ec180000)
 ParOldGen       total 148992K, used 100716K [0x00000000c0000000, 0x00000000c9180000, 0x00000000eab00000)
  object space 148992K, 67% used [0x00000000c0000000,0x00000000c625b0f0,0x00000000c9180000)
 Metaspace       used 85685K, committed 86912K, reserved 1179648K
  class space    used 9570K, committed 10112K, reserved 1048576K
}
Event: 20.023 GC heap before
{Heap before GC invocations=96 (full 7):
 PSYoungGen      total 18432K, used 18424K [0x00000000eab00000, 0x00000000ec180000, 0x0000000100000000)
  eden space 14848K, 100% used [0x00000000eab00000,0x00000000eb980000,0x00000000eb980000)
  from space 3584K, 99% used [0x00000000eb980000,0x00000000ebcfe208,0x00000000ebd00000)
  to   space 4096K, 0% used [0x00000000ebd80000,0x00000000ebd80000,0x00000000ec180000)
 ParOldGen       total 148992K, used 100716K [0x00000000c0000000, 0x00000000c9180000, 0x00000000eab00000)
  object space 148992K, 67% used [0x00000000c0000000,0x00000000c625b0f0,0x00000000c9180000)
 Metaspace       used 85802K, committed 87040K, reserved 1179648K
  class space    used 9570K, committed 10112K, reserved 1048576K
}
Event: 20.025 GC heap after
{Heap after GC invocations=96 (full 7):
 PSYoungGen      total 18432K, used 4067K [0x00000000eab00000, 0x00000000ec280000, 0x0000000100000000)
  eden space 14336K, 0% used [0x00000000eab00000,0x00000000eab00000,0x00000000eb900000)
  from space 4096K, 99% used [0x00000000ebd80000,0x00000000ec178d00,0x00000000ec180000)
  to   space 4608K, 0% used [0x00000000eb900000,0x00000000eb900000,0x00000000ebd80000)
 ParOldGen       total 148992K, used 100796K [0x00000000c0000000, 0x00000000c9180000, 0x00000000eab00000)
  object space 148992K, 67% used [0x00000000c0000000,0x00000000c626f0f0,0x00000000c9180000)
 Metaspace       used 85802K, committed 87040K, reserved 1179648K
  class space    used 9570K, committed 10112K, reserved 1048576K
}
Event: 12065.200 GC heap before
{Heap before GC invocations=97 (full 7):
 PSYoungGen      total 18432K, used 18362K [0x00000000eab00000, 0x00000000ec280000, 0x0000000100000000)
  eden space 14336K, 99% used [0x00000000eab00000,0x00000000eb8f5ea0,0x00000000eb900000)
  from space 4096K, 99% used [0x00000000ebd80000,0x00000000ec178d00,0x00000000ec180000)
  to   space 4608K, 0% used [0x00000000eb900000,0x00000000eb900000,0x00000000ebd80000)
 ParOldGen       total 148992K, used 100796K [0x00000000c0000000, 0x00000000c9180000, 0x00000000eab00000)
  object space 148992K, 67% used [0x00000000c0000000,0x00000000c626f0f0,0x00000000c9180000)
 Metaspace       used 86214K, committed 87424K, reserved 1179648K
  class space    used 9595K, committed 10112K, reserved 1048576K
}
Event: 12065.213 GC heap after
{Heap after GC invocations=97 (full 7):
 PSYoungGen      total 17408K, used 3065K [0x00000000eab00000, 0x00000000ec000000, 0x0000000100000000)
  eden space 14336K, 0% used [0x00000000eab00000,0x00000000eab00000,0x00000000eb900000)
  from space 3072K, 99% used [0x00000000eb900000,0x00000000ebbfe410,0x00000000ebc00000)
  to   space 3584K, 0% used [0x00000000ebc80000,0x00000000ebc80000,0x00000000ec000000)
 ParOldGen       total 148992K, used 102816K [0x00000000c0000000, 0x00000000c9180000, 0x00000000eab00000)
  object space 148992K, 69% used [0x00000000c0000000,0x00000000c6468370,0x00000000c9180000)
 Metaspace       used 86214K, committed 87424K, reserved 1179648K
  class space    used 9595K, committed 10112K, reserved 1048576K
}
Event: 12065.285 GC heap before
{Heap before GC invocations=98 (full 7):
 PSYoungGen      total 17408K, used 17401K [0x00000000eab00000, 0x00000000ec000000, 0x0000000100000000)
  eden space 14336K, 100% used [0x00000000eab00000,0x00000000eb900000,0x00000000eb900000)
  from space 3072K, 99% used [0x00000000eb900000,0x00000000ebbfe410,0x00000000ebc00000)
  to   space 3584K, 0% used [0x00000000ebc80000,0x00000000ebc80000,0x00000000ec000000)
 ParOldGen       total 148992K, used 102816K [0x00000000c0000000, 0x00000000c9180000, 0x00000000eab00000)
  object space 148992K, 69% used [0x00000000c0000000,0x00000000c6468370,0x00000000c9180000)
 Metaspace       used 86358K, committed 87552K, reserved 1179648K
  class space    used 9599K, committed 10112K, reserved 1048576K
}
Event: 12065.288 GC heap after
{Heap after GC invocations=98 (full 7):
 PSYoungGen      total 17408K, used 3554K [0x00000000eab00000, 0x00000000ec100000, 0x0000000100000000)
  eden space 13824K, 0% used [0x00000000eab00000,0x00000000eab00000,0x00000000eb880000)
  from space 3584K, 99% used [0x00000000ebc80000,0x00000000ebff89a0,0x00000000ec000000)
  to   space 4096K, 0% used [0x00000000eb880000,0x00000000eb880000,0x00000000ebc80000)
 ParOldGen       total 148992K, used 103080K [0x00000000c0000000, 0x00000000c9180000, 0x00000000eab00000)
  object space 148992K, 69% used [0x00000000c0000000,0x00000000c64aa370,0x00000000c9180000)
 Metaspace       used 86358K, committed 87552K, reserved 1179648K
  class space    used 9599K, committed 10112K, reserved 1048576K
}

Dll operation events (14 events):
Event: 0.138 Loaded shared library c:\Users\Ruslan\.vscode\extensions\redhat.java-1.25.1-win32-x64\jre\17.0.9-win32-x86_64\bin\java.dll
Event: 0.327 Loaded shared library c:\Users\Ruslan\.vscode\extensions\redhat.java-1.25.1-win32-x64\jre\17.0.9-win32-x86_64\bin\zip.dll
Event: 0.331 Loaded shared library C:\Users\Ruslan\.vscode\extensions\redhat.java-1.25.1-win32-x64\jre\17.0.9-win32-x86_64\bin\instrument.dll
Event: 0.369 Loaded shared library C:\Users\Ruslan\.vscode\extensions\redhat.java-1.25.1-win32-x64\jre\17.0.9-win32-x86_64\bin\net.dll
Event: 0.405 Loaded shared library C:\Users\Ruslan\.vscode\extensions\redhat.java-1.25.1-win32-x64\jre\17.0.9-win32-x86_64\bin\nio.dll
Event: 0.413 Loaded shared library C:\Users\Ruslan\.vscode\extensions\redhat.java-1.25.1-win32-x64\jre\17.0.9-win32-x86_64\bin\zip.dll
Event: 0.434 Loaded shared library C:\Users\Ruslan\.vscode\extensions\redhat.java-1.25.1-win32-x64\jre\17.0.9-win32-x86_64\bin\jimage.dll
Event: 0.496 Loaded shared library c:\Users\Ruslan\.vscode\extensions\redhat.java-1.25.1-win32-x64\jre\17.0.9-win32-x86_64\bin\verify.dll
Event: 1.467 Loaded shared library C:\Users\Ruslan\AppData\Roaming\Code\User\globalStorage\redhat.java\1.25.1\config_win\org.eclipse.equinox.launcher\org.eclipse.equinox.launcher.win32.win32.x86_64_1.2.800.v20231003-1442\eclipse_11802.dll
Event: 3.477 Loaded shared library C:\Users\Ruslan\AppData\Local\Temp\jna--1835792087\jna17871261096567439459.dll
Event: 5.516 Loaded shared library C:\Users\Ruslan\.vscode\extensions\redhat.java-1.25.1-win32-x64\jre\17.0.9-win32-x86_64\bin\sunmscapi.dll
Event: 8.120 Loaded shared library C:\Users\Ruslan\.gradle\native\c067742578af261105cb4f569cf0c3c89f3d7b1fecec35dd04571415982c5e48\windows-amd64\native-platform.dll
Event: 8.604 Loaded shared library C:\Users\Ruslan\.vscode\extensions\redhat.java-1.25.1-win32-x64\jre\17.0.9-win32-x86_64\bin\management.dll
Event: 8.622 Loaded shared library C:\Users\Ruslan\.vscode\extensions\redhat.java-1.25.1-win32-x64\jre\17.0.9-win32-x86_64\bin\management_ext.dll

Deoptimization events (20 events):
Event: 12065.228 Thread 0x0000026fbc589710 Uncommon trap: trap_request=0xffffff45 fr.pc=0x0000026fa6e43978 relative=0x000000000000af58
Event: 12065.228 Thread 0x0000026fbc589710 Uncommon trap: reason=unstable_if action=reinterpret pc=0x0000026fa6e43978 method=org.eclipse.jdt.internal.compiler.lookup.BinaryTypeBinding.createMethod(Lorg/eclipse/jdt/internal/compiler/env/IBinaryMethod;Lorg/eclipse/jdt/internal/compiler/env/IBinaryTy
Event: 12065.228 Thread 0x0000026fbc589710 DEOPT PACKING pc=0x0000026fa6e43978 sp=0x0000009ed3bfbf80
Event: 12065.228 Thread 0x0000026fbc589710 DEOPT UNPACKING pc=0x0000026fa61266a3 sp=0x0000009ed3bfbfb0 mode 2
Event: 12065.237 Thread 0x0000026fbc589710 DEOPT PACKING pc=0x0000026fa0202609 sp=0x0000009ed3bfda30
Event: 12065.237 Thread 0x0000026fbc589710 DEOPT UNPACKING pc=0x0000026fa6126e43 sp=0x0000009ed3bfcec8 mode 0
Event: 12065.267 Thread 0x0000026fbc5873a0 DEOPT PACKING pc=0x0000026f9f4f6020 sp=0x0000009ed4efe460
Event: 12065.267 Thread 0x0000026fbc5873a0 DEOPT UNPACKING pc=0x0000026fa6126e43 sp=0x0000009ed4efd918 mode 0
Event: 12065.271 Thread 0x0000026fbc5873a0 Uncommon trap: trap_request=0xffffffde fr.pc=0x0000026fa6ca81e8 relative=0x0000000000000068
Event: 12065.271 Thread 0x0000026fbc5873a0 Uncommon trap: reason=class_check action=maybe_recompile pc=0x0000026fa6ca81e8 method=java.util.LinkedHashMap.afterNodeInsertion(Z)V @ 15 c2
Event: 12065.271 Thread 0x0000026fbc5873a0 DEOPT PACKING pc=0x0000026fa6ca81e8 sp=0x0000009ed4efeba0
Event: 12065.271 Thread 0x0000026fbc5873a0 DEOPT UNPACKING pc=0x0000026fa61266a3 sp=0x0000009ed4efeb18 mode 2
Event: 12065.276 Thread 0x0000026fbc583bf0 Uncommon trap: trap_request=0xffffff45 fr.pc=0x0000026fa6dbed80 relative=0x00000000000031a0
Event: 12065.276 Thread 0x0000026fbc583bf0 Uncommon trap: reason=unstable_if action=reinterpret pc=0x0000026fa6dbed80 method=org.eclipse.jdt.internal.compiler.parser.Scanner.getNextToken0()I @ 2098 c2
Event: 12065.276 Thread 0x0000026fbc583bf0 DEOPT PACKING pc=0x0000026fa6dbed80 sp=0x0000009ed58fde70
Event: 12065.276 Thread 0x0000026fbc583bf0 DEOPT UNPACKING pc=0x0000026fa61266a3 sp=0x0000009ed58fdde0 mode 2
Event: 12065.281 Thread 0x0000026fbc583bf0 Uncommon trap: trap_request=0xffffff45 fr.pc=0x0000026fa6e92198 relative=0x0000000000000ad8
Event: 12065.281 Thread 0x0000026fbc583bf0 Uncommon trap: reason=unstable_if action=reinterpret pc=0x0000026fa6e92198 method=org.eclipse.jdt.internal.compiler.parser.Scanner.internalScanIdentifierOrKeyword(II[C)I @ 592 c2
Event: 12065.281 Thread 0x0000026fbc583bf0 DEOPT PACKING pc=0x0000026fa6e92198 sp=0x0000009ed58fdca0
Event: 12065.281 Thread 0x0000026fbc583bf0 DEOPT UNPACKING pc=0x0000026fa61266a3 sp=0x0000009ed58fdc20 mode 2

Classes unloaded (7 events):
Event: 3.491 Thread 0x0000026f9c09eb80 Unloading class 0x000000010024c400 'java/lang/invoke/LambdaForm$MH+0x000000010024c400'
Event: 3.491 Thread 0x0000026f9c09eb80 Unloading class 0x000000010024c000 'java/lang/invoke/LambdaForm$MH+0x000000010024c000'
Event: 3.491 Thread 0x0000026f9c09eb80 Unloading class 0x000000010024bc00 'java/lang/invoke/LambdaForm$MH+0x000000010024bc00'
Event: 3.491 Thread 0x0000026f9c09eb80 Unloading class 0x000000010024b800 'java/lang/invoke/LambdaForm$MH+0x000000010024b800'
Event: 3.491 Thread 0x0000026f9c09eb80 Unloading class 0x000000010024b400 'java/lang/invoke/LambdaForm$BMH+0x000000010024b400'
Event: 3.491 Thread 0x0000026f9c09eb80 Unloading class 0x000000010024b000 'java/lang/invoke/LambdaForm$DMH+0x000000010024b000'
Event: 3.491 Thread 0x0000026f9c09eb80 Unloading class 0x0000000100248400 'java/lang/invoke/LambdaForm$DMH+0x0000000100248400'

Classes redefined (0 events):
No events

Internal exceptions (20 events):
Event: 18.738 Thread 0x0000026fb80a6f30 Implicit null exception at 0x0000026fa6d544b4 to 0x0000026fa6d548a4
Event: 18.852 Thread 0x0000026fb80a6f30 Exception <a 'sun/nio/fs/WindowsException'{0x00000000eb23fa68}> (0x00000000eb23fa68) 
thrown [s\src\hotspot\share\prims\jni.cpp, line 516]
Event: 18.862 Thread 0x0000026fb80a6f30 Exception <a 'sun/nio/fs/WindowsException'{0x00000000eb29e108}> (0x00000000eb29e108) 
thrown [s\src\hotspot\share\prims\jni.cpp, line 516]
Event: 18.877 Thread 0x0000026fb80a6f30 Exception <a 'sun/nio/fs/WindowsException'{0x00000000eb431948}> (0x00000000eb431948) 
thrown [s\src\hotspot\share\prims\jni.cpp, line 516]
Event: 18.941 Thread 0x0000026fb80a6f30 Exception <a 'sun/nio/fs/WindowsException'{0x00000000eac330b0}> (0x00000000eac330b0) 
thrown [s\src\hotspot\share\prims\jni.cpp, line 516]
Event: 18.955 Thread 0x0000026fb80a6f30 Exception <a 'sun/nio/fs/WindowsException'{0x00000000eadb3d10}> (0x00000000eadb3d10) 
thrown [s\src\hotspot\share\prims\jni.cpp, line 516]
Event: 18.985 Thread 0x0000026fb80a6f30 Exception <a 'sun/nio/fs/WindowsException'{0x00000000eb2338d8}> (0x00000000eb2338d8) 
thrown [s\src\hotspot\share\prims\jni.cpp, line 516]
Event: 19.015 Thread 0x0000026fb80a6f30 Exception <a 'sun/nio/fs/WindowsException'{0x00000000eb80fd18}> (0x00000000eb80fd18) 
thrown [s\src\hotspot\share\prims\jni.cpp, line 516]
Event: 19.061 Thread 0x0000026fb80a6f30 Exception <a 'sun/nio/fs/WindowsException'{0x00000000eb6888d8}> (0x00000000eb6888d8) 
thrown [s\src\hotspot\share\prims\jni.cpp, line 516]
Event: 19.085 Thread 0x0000026fb80a6f30 Exception <a 'sun/nio/fs/WindowsException'{0x00000000eb70f968}> (0x00000000eb70f968) 
thrown [s\src\hotspot\share\prims\jni.cpp, line 516]
Event: 19.104 Thread 0x0000026fb80a6f30 Exception <a 'sun/nio/fs/WindowsException'{0x00000000eb71fee8}> (0x00000000eb71fee8) 
thrown [s\src\hotspot\share\prims\jni.cpp, line 516]
Event: 19.192 Thread 0x0000026fb80a6f30 Exception <a 'sun/nio/fs/WindowsException'{0x00000000eb5b6cc8}> (0x00000000eb5b6cc8) 
thrown [s\src\hotspot\share\prims\jni.cpp, line 516]
Event: 19.212 Thread 0x0000026fb80a6f30 Exception <a 'sun/nio/fs/WindowsException'{0x00000000eb715f50}> (0x00000000eb715f50) 
thrown [s\src\hotspot\share\prims\jni.cpp, line 516]
Event: 19.236 Thread 0x0000026fb80a6f30 Exception <a 'sun/nio/fs/WindowsException'{0x00000000ead6c108}> (0x00000000ead6c108) 
thrown [s\src\hotspot\share\prims\jni.cpp, line 516]
Event: 316.333 Thread 0x0000026fbc584b20 Exception <a 'java/lang/NoSuchMethodError'{0x00000000eb040600}: 'java.lang.Object java.lang.invoke.DirectMethodHandle$Holder.newInvokeSpecial(java.lang.Object, java.lang.Object, java.lang.Object, java.lang.Object, java.lang.Object, java.lang.Object, java.lang.Object, java.lang.Object)'> (0x00000000eb040600) 
thrown [s\src\hotspot\share\interpreter\linkResolver.cpp, line 759]
Event: 316.334 Thread 0x0000026fbc584b20 Exception <a 'java/lang/NoSuchMethodError'{0x00000000eb0456c8}: 'java.lang.Object java.lang.invoke.DirectMethodHandle$Holder.invokeSpecial(java.lang.Object, java.lang.Object, java.lang.Object, java.lang.Object, java.lang.Object, java.lang.Object, java.lang.Object, java.lang.Object, java.lang.Object)'> (0x00000000eb0456c8) 
thrown [s\src\hotspot\share\interpreter\linkResolver.cpp, line 759]
Event: 316.334 Thread 0x0000026fbc584b20 Exception <a 'java/lang/NoSuchMethodError'{0x00000000eb04a0a8}: 'java.lang.Object java.lang.invoke.Invokers$Holder.linkToTargetMethod(java.lang.Object, java.lang.Object, java.lang.Object, java.lang.Object, java.lang.Object, java.lang.Object, java.lang.Object, java.lang.Object)'> (0x00000000eb04a0a8) 
thrown [s\src\hotspot\share\interpreter\linkResolver.cpp, line 759]
Event: 12065.247 Thread 0x0000026fbc589710 Exception <a 'java/lang/ClassCastException'{0x00000000eb53b938}> (0x00000000eb53b938) 
thrown [s\src\hotspot\share\runtime\sharedRuntime.cpp, line 631]
Event: 12065.253 Thread 0x0000026fbc589710 Exception <a 'java/lang/ClassCastException'{0x00000000eb6883e0}> (0x00000000eb6883e0) 
thrown [s\src\hotspot\share\runtime\sharedRuntime.cpp, line 631]
Event: 12065.268 Thread 0x0000026fbc5873a0 Exception <a 'java/lang/NoSuchMethodError'{0x00000000eb832870}: 'java.lang.Object java.lang.invoke.DirectMethodHandle$Holder.invokeStatic(java.lang.Object, int, java.lang.Object, java.lang.Object, java.lang.Object, java.lang.Object)'> (0x00000000eb832870) 
thrown [s\src\hotspot\share\interpreter\linkResolver.cpp, line 759]

VM Operations (20 events):
Event: 11098.650 Executing VM operation: HandshakeAllThreads
Event: 11098.650 Executing VM operation: HandshakeAllThreads done
Event: 11158.737 Executing VM operation: HandshakeAllThreads
Event: 11158.737 Executing VM operation: HandshakeAllThreads done
Event: 11519.370 Executing VM operation: HandshakeAllThreads
Event: 11519.370 Executing VM operation: HandshakeAllThreads done
Event: 11699.656 Executing VM operation: HandshakeAllThreads
Event: 11699.656 Executing VM operation: HandshakeAllThreads done
Event: 11759.796 Executing VM operation: HandshakeAllThreads
Event: 11759.796 Executing VM operation: HandshakeAllThreads done
Event: 12060.545 Executing VM operation: HandshakeAllThreads
Event: 12060.546 Executing VM operation: HandshakeAllThreads done
Event: 12063.548 Executing VM operation: Cleanup
Event: 12063.548 Executing VM operation: Cleanup done
Event: 12064.548 Executing VM operation: Cleanup
Event: 12064.549 Executing VM operation: Cleanup done
Event: 12065.199 Executing VM operation: ParallelGCFailedAllocation
Event: 12065.213 Executing VM operation: ParallelGCFailedAllocation done
Event: 12065.285 Executing VM operation: ParallelGCFailedAllocation
Event: 12065.288 Executing VM operation: ParallelGCFailedAllocation done

Events (20 events):
Event: 376.489 Thread 0x0000026fbc588cf0 Thread exited: 0x0000026fbc588cf0
Event: 380.354 Thread 0x0000026fbc5882d0 Thread exited: 0x0000026fbc5882d0
Event: 440.354 Thread 0x0000026fba422980 Thread exited: 0x0000026fba422980
Event: 500.365 Thread 0x0000026fba421030 Thread exited: 0x0000026fba421030
Event: 560.366 Thread 0x0000026fbc585540 Thread exited: 0x0000026fbc585540
Event: 620.367 Thread 0x0000026fba421540 Thread exited: 0x0000026fba421540
Event: 680.367 Thread 0x0000026fba427a80 Thread exited: 0x0000026fba427a80
Event: 740.367 Thread 0x0000026fbc584610 Thread exited: 0x0000026fbc584610
Event: 800.367 Thread 0x0000026fbc586980 Thread exited: 0x0000026fbc586980
Event: 12051.987 Thread 0x0000026fbc589710 Thread added: 0x0000026fbc589710
Event: 12065.093 Thread 0x0000026fbc5882d0 Thread added: 0x0000026fbc5882d0
Event: 12065.095 Thread 0x0000026fbc5873a0 Thread added: 0x0000026fbc5873a0
Event: 12065.095 Thread 0x0000026fbc5836e0 Thread added: 0x0000026fbc5836e0
Event: 12065.127 Thread 0x0000026fbc583bf0 Thread added: 0x0000026fbc583bf0
Event: 12065.164 Thread 0x0000026fbc588cf0 Thread added: 0x0000026fbc588cf0
Event: 12065.167 Thread 0x0000026fbc38cd50 Thread added: 0x0000026fbc38cd50
Event: 12065.176 Thread 0x0000026fbc386db0 Thread added: 0x0000026fbc386db0
Event: 12065.188 Thread 0x0000026fbc38d2a0 Thread added: 0x0000026fbc38d2a0
Event: 12065.194 Thread 0x0000026fbc38b2c0 Thread added: 0x0000026fbc38b2c0
Event: 12065.289 Thread 0x0000026fbc385870 Thread added: 0x0000026fbc385870


Dynamic libraries:
0x00007ff688ba0000 - 0x00007ff688bae000 	c:\Users\Ruslan\.vscode\extensions\redhat.java-1.25.1-win32-x64\jre\17.0.9-win32-x86_64\bin\java.exe
0x00007ffb58350000 - 0x00007ffb58564000 	C:\Windows\SYSTEM32\ntdll.dll
0x00007ffb565b0000 - 0x00007ffb56672000 	C:\Windows\System32\KERNEL32.DLL
0x00007ffb557c0000 - 0x00007ffb55b63000 	C:\Windows\System32\KERNELBASE.dll
0x00007ffb55b70000 - 0x00007ffb55c81000 	C:\Windows\System32\ucrtbase.dll
0x00007ffb4b0a0000 - 0x00007ffb4b0b7000 	c:\Users\Ruslan\.vscode\extensions\redhat.java-1.25.1-win32-x64\jre\17.0.9-win32-x86_64\bin\jli.dll
0x00007ffb563f0000 - 0x00007ffb5659a000 	C:\Windows\System32\USER32.dll
0x00007ffb55c90000 - 0x00007ffb55cb6000 	C:\Windows\System32\win32u.dll
0x00007ffb56ed0000 - 0x00007ffb56ef9000 	C:\Windows\System32\GDI32.dll
0x00007ffb55d60000 - 0x00007ffb55e79000 	C:\Windows\System32\gdi32full.dll
0x00007ffb55cc0000 - 0x00007ffb55d5a000 	C:\Windows\System32\msvcp_win.dll
0x00007ffb3bb00000 - 0x00007ffb3bb1b000 	c:\Users\Ruslan\.vscode\extensions\redhat.java-1.25.1-win32-x64\jre\17.0.9-win32-x86_64\bin\VCRUNTIME140.dll
0x00007ffb26e80000 - 0x00007ffb2710e000 	C:\Windows\WinSxS\amd64_microsoft.windows.common-controls_6595b64144ccf1df_6.0.22621.1635_none_270f70857386168e\COMCTL32.dll
0x00007ffb562d0000 - 0x00007ffb56377000 	C:\Windows\System32\msvcrt.dll
0x00007ffb57f10000 - 0x00007ffb57f41000 	C:\Windows\System32\IMM32.DLL
0x00007ffb4eaa0000 - 0x00007ffb4eaac000 	c:\Users\Ruslan\.vscode\extensions\redhat.java-1.25.1-win32-x64\jre\17.0.9-win32-x86_64\bin\vcruntime140_1.dll
0x00007ffaf6c70000 - 0x00007ffaf6cfd000 	c:\Users\Ruslan\.vscode\extensions\redhat.java-1.25.1-win32-x64\jre\17.0.9-win32-x86_64\bin\msvcp140.dll
0x00007ffac7020000 - 0x00007ffac7c81000 	c:\Users\Ruslan\.vscode\extensions\redhat.java-1.25.1-win32-x64\jre\17.0.9-win32-x86_64\bin\server\jvm.dll
0x00007ffb58080000 - 0x00007ffb5812e000 	C:\Windows\System32\ADVAPI32.dll
0x00007ffb57e60000 - 0x00007ffb57f04000 	C:\Windows\System32\sechost.dll
0x00007ffb56130000 - 0x00007ffb56247000 	C:\Windows\System32\RPCRT4.dll
0x00007ffb54610000 - 0x00007ffb5465d000 	C:\Windows\SYSTEM32\POWRPROF.dll
0x00007ffb375e0000 - 0x00007ffb375e9000 	C:\Windows\SYSTEM32\WSOCK32.dll
0x00007ffb58130000 - 0x00007ffb581a1000 	C:\Windows\System32\WS2_32.dll
0x00007ffb4b200000 - 0x00007ffb4b234000 	C:\Windows\SYSTEM32\WINMM.dll
0x00007ffb491b0000 - 0x00007ffb491ba000 	C:\Windows\SYSTEM32\VERSION.dll
0x00007ffb545f0000 - 0x00007ffb54603000 	C:\Windows\SYSTEM32\UMPDC.dll
0x00007ffb547f0000 - 0x00007ffb54808000 	C:\Windows\SYSTEM32\kernel.appcore.dll
0x00007ffb4ea60000 - 0x00007ffb4ea6a000 	c:\Users\Ruslan\.vscode\extensions\redhat.java-1.25.1-win32-x64\jre\17.0.9-win32-x86_64\bin\jimage.dll
0x00007ffb52bb0000 - 0x00007ffb52dde000 	C:\Windows\SYSTEM32\DBGHELP.DLL
0x00007ffb57a70000 - 0x00007ffb57df9000 	C:\Windows\System32\combase.dll
0x00007ffb56df0000 - 0x00007ffb56ec7000 	C:\Windows\System32\OLEAUT32.dll
0x00007ffb48c40000 - 0x00007ffb48c72000 	C:\Windows\SYSTEM32\dbgcore.DLL
0x00007ffb55e80000 - 0x00007ffb55efa000 	C:\Windows\System32\bcryptPrimitives.dll
0x00007ffb4e9d0000 - 0x00007ffb4e9de000 	c:\Users\Ruslan\.vscode\extensions\redhat.java-1.25.1-win32-x64\jre\17.0.9-win32-x86_64\bin\instrument.dll
0x00007ffb24bf0000 - 0x00007ffb24c15000 	c:\Users\Ruslan\.vscode\extensions\redhat.java-1.25.1-win32-x64\jre\17.0.9-win32-x86_64\bin\java.dll
0x00007ffb24cf0000 - 0x00007ffb24d08000 	c:\Users\Ruslan\.vscode\extensions\redhat.java-1.25.1-win32-x64\jre\17.0.9-win32-x86_64\bin\zip.dll
0x00007ffb56f10000 - 0x00007ffb57709000 	C:\Windows\System32\SHELL32.dll
0x00007ffb53700000 - 0x00007ffb53fce000 	C:\Windows\SYSTEM32\windows.storage.dll
0x00007ffb535c0000 - 0x00007ffb536fe000 	C:\Windows\SYSTEM32\wintypes.dll
0x00007ffb581c0000 - 0x00007ffb582b1000 	C:\Windows\System32\SHCORE.dll
0x00007ffb57e00000 - 0x00007ffb57e5e000 	C:\Windows\System32\shlwapi.dll
0x00007ffb55680000 - 0x00007ffb556a6000 	C:\Windows\SYSTEM32\profapi.dll
0x00007ffb1f350000 - 0x00007ffb1f369000 	C:\Users\Ruslan\.vscode\extensions\redhat.java-1.25.1-win32-x64\jre\17.0.9-win32-x86_64\bin\net.dll
0x00007ffb4cf30000 - 0x00007ffb4d067000 	C:\Windows\SYSTEM32\WINHTTP.dll
0x00007ffb54cb0000 - 0x00007ffb54d19000 	C:\Windows\system32\mswsock.dll
0x00007ffb1f330000 - 0x00007ffb1f346000 	C:\Users\Ruslan\.vscode\extensions\redhat.java-1.25.1-win32-x64\jre\17.0.9-win32-x86_64\bin\nio.dll
0x00007ffb4cf00000 - 0x00007ffb4cf10000 	c:\Users\Ruslan\.vscode\extensions\redhat.java-1.25.1-win32-x64\jre\17.0.9-win32-x86_64\bin\verify.dll
0x00007ffb0de70000 - 0x00007ffb0deae000 	C:\Users\Ruslan\AppData\Roaming\Code\User\globalStorage\redhat.java\1.25.1\config_win\org.eclipse.equinox.launcher\org.eclipse.equinox.launcher.win32.win32.x86_64_1.2.800.v20231003-1442\eclipse_11802.dll
0x00007ffb578d0000 - 0x00007ffb57a6c000 	C:\Windows\System32\ole32.dll
0x00007ffb54fd0000 - 0x00007ffb54feb000 	C:\Windows\SYSTEM32\CRYPTSP.dll
0x00007ffb547b0000 - 0x00007ffb547e5000 	C:\Windows\system32\rsaenh.dll
0x00007ffb54d50000 - 0x00007ffb54d7c000 	C:\Windows\SYSTEM32\USERENV.dll
0x00007ffb55100000 - 0x00007ffb55128000 	C:\Windows\SYSTEM32\bcrypt.dll
0x00007ffb54fb0000 - 0x00007ffb54fbc000 	C:\Windows\SYSTEM32\CRYPTBASE.dll
0x00007ffb542a0000 - 0x00007ffb542cd000 	C:\Windows\SYSTEM32\IPHLPAPI.DLL
0x00007ffb57730000 - 0x00007ffb57739000 	C:\Windows\System32\NSI.dll
0x00007ffb4cdb0000 - 0x00007ffb4cdc9000 	C:\Windows\SYSTEM32\dhcpcsvc6.DLL
0x00007ffb4cd90000 - 0x00007ffb4cdaf000 	C:\Windows\SYSTEM32\dhcpcsvc.DLL
0x00007ffb542d0000 - 0x00007ffb543c3000 	C:\Windows\SYSTEM32\DNSAPI.dll
0x00007ffaed020000 - 0x00007ffaed065000 	C:\Users\Ruslan\AppData\Local\Temp\jna--1835792087\jna17871261096567439459.dll
0x00007ffb565a0000 - 0x00007ffb565a8000 	C:\Windows\System32\PSAPI.DLL
0x00007ffb3a960000 - 0x00007ffb3a96e000 	C:\Users\Ruslan\.vscode\extensions\redhat.java-1.25.1-win32-x64\jre\17.0.9-win32-x86_64\bin\sunmscapi.dll
0x00007ffb55f00000 - 0x00007ffb56067000 	C:\Windows\System32\CRYPT32.dll
0x00007ffb550d0000 - 0x00007ffb550fe000 	C:\Windows\SYSTEM32\ncrypt.dll
0x00007ffb55090000 - 0x00007ffb550c7000 	C:\Windows\SYSTEM32\NTASN1.dll
0x00007ffb4b820000 - 0x00007ffb4b82a000 	C:\Windows\System32\rasadhlp.dll
0x00007ffb4bd40000 - 0x00007ffb4bdc4000 	C:\Windows\System32\fwpuclnt.dll
0x00007ffb3a620000 - 0x00007ffb3a647000 	C:\Users\Ruslan\.gradle\native\c067742578af261105cb4f569cf0c3c89f3d7b1fecec35dd04571415982c5e48\windows-amd64\native-platform.dll
0x00007ffb3a9a0000 - 0x00007ffb3a9a9000 	C:\Users\Ruslan\.vscode\extensions\redhat.java-1.25.1-win32-x64\jre\17.0.9-win32-x86_64\bin\management.dll
0x00007ffb3a990000 - 0x00007ffb3a99b000 	C:\Users\Ruslan\.vscode\extensions\redhat.java-1.25.1-win32-x64\jre\17.0.9-win32-x86_64\bin\management_ext.dll
0x00007ffb3ac90000 - 0x00007ffb3ac98000 	C:\Windows\system32\wshunix.dll

dbghelp: loaded successfully - version: 4.0.5 - missing functions: none
symbol engine: initialized successfully - sym options: 0x614 - pdb path: .;c:\Users\Ruslan\.vscode\extensions\redhat.java-1.25.1-win32-x64\jre\17.0.9-win32-x86_64\bin;C:\Windows\SYSTEM32;C:\Windows\WinSxS\amd64_microsoft.windows.common-controls_6595b64144ccf1df_6.0.22621.1635_none_270f70857386168e;c:\Users\Ruslan\.vscode\extensions\redhat.java-1.25.1-win32-x64\jre\17.0.9-win32-x86_64\bin\server;C:\Users\Ruslan\AppData\Roaming\Code\User\globalStorage\redhat.java\1.25.1\config_win\org.eclipse.equinox.launcher\org.eclipse.equinox.launcher.win32.win32.x86_64_1.2.800.v20231003-1442;C:\Users\Ruslan\AppData\Local\Temp\jna--1835792087;C:\Users\Ruslan\.gradle\native\c067742578af261105cb4f569cf0c3c89f3d7b1fecec35dd04571415982c5e48\windows-amd64

VM Arguments:
jvm_args: --add-modules=ALL-SYSTEM --add-opens=java.base/java.util=ALL-UNNAMED --add-opens=java.base/java.lang=ALL-UNNAMED --add-opens=java.base/sun.nio.fs=ALL-UNNAMED -Declipse.application=org.eclipse.jdt.ls.core.id1 -Dosgi.bundles.defaultStartLevel=4 -Declipse.product=org.eclipse.jdt.ls.core.product -Djava.import.generatesMetadataFilesAtProjectRoot=false -DDetectVMInstallationsJob.disabled=true -Dfile.encoding=utf8 -XX:+UseParallelGC -XX:GCTimeRatio=4 -XX:AdaptiveSizePolicyWeight=90 -Dsun.zip.disableMemoryMapping=true -Xmx1G -Xms100m -Xlog:disable -javaagent:c:\Users\Ruslan\.vscode\extensions\redhat.java-1.25.1-win32-x64\lombok\lombok-1.18.30.jar -XX:+HeapDumpOnOutOfMemoryError -XX:HeapDumpPath=c:\Users\Ruslan\AppData\Roaming\Code\User\workspaceStorage\ad3a9262738548226c33eed2468be03e\redhat.java -Daether.dependencyCollector.impl=bf 
java_command: c:\Users\Ruslan\.vscode\extensions\redhat.java-1.25.1-win32-x64\server\plugins\org.eclipse.equinox.launcher_1.6.600.v20231106-1826.jar -configuration c:\Users\Ruslan\AppData\Roaming\Code\User\globalStorage\redhat.java\1.25.1\config_win -data c:\Users\Ruslan\AppData\Roaming\Code\User\workspaceStorage\ad3a9262738548226c33eed2468be03e\redhat.java\jdt_ws --stdio
java_class_path (initial): c:\Users\Ruslan\.vscode\extensions\redhat.java-1.25.1-win32-x64\server\plugins\org.eclipse.equinox.launcher_1.6.600.v20231106-1826.jar
Launcher Type: SUN_STANDARD

[Global flags]
    uintx AdaptiveSizePolicyWeight                 = 90                                        {product} {command line}
     intx CICompilerCount                          = 12                                        {product} {ergonomic}
    uintx GCTimeRatio                              = 4                                         {product} {command line}
     bool HeapDumpOnOutOfMemoryError               = true                                   {manageable} {command line}
    ccstr HeapDumpPath                             = c:\Users\Ruslan\AppData\Roaming\Code\User\workspaceStorage\ad3a9262738548226c33eed2468be03e\redhat.java         {manageable} {command line}
   size_t InitialHeapSize                          = 104857600                                 {product} {command line}
   size_t MaxHeapSize                              = 1073741824                                {product} {command line}
   size_t MaxNewSize                               = 357564416                                 {product} {ergonomic}
   size_t MinHeapDeltaBytes                        = 524288                                    {product} {ergonomic}
   size_t MinHeapSize                              = 104857600                                 {product} {command line}
   size_t NewSize                                  = 34603008                                  {product} {ergonomic}
    uintx NonNMethodCodeHeapSize                   = 7602480                                {pd product} {ergonomic}
    uintx NonProfiledCodeHeapSize                  = 122027880                              {pd product} {ergonomic}
   size_t OldSize                                  = 70254592                                  {product} {ergonomic}
    uintx ProfiledCodeHeapSize                     = 122027880                              {pd product} {ergonomic}
    uintx ReservedCodeCacheSize                    = 251658240                              {pd product} {ergonomic}
     bool SegmentedCodeCache                       = true                                      {product} {ergonomic}
   size_t SoftMaxHeapSize                          = 1073741824                             {manageable} {ergonomic}
     bool UseCompressedClassPointers               = true                           {product lp64_product} {ergonomic}
     bool UseCompressedOops                        = true                           {product lp64_product} {ergonomic}
     bool UseLargePagesIndividualAllocation        = false                                  {pd product} {ergonomic}
     bool UseParallelGC                            = true                                      {product} {command line}

Logging:
Log output configuration:
 #0: stdout all=off uptime,level,tags
 #1: stderr all=off uptime,level,tags

Environment Variables:
PATH=C:\Program Files\Common Files\Oracle\Java\javapath;C:\Windows\system32;C:\Windows;C:\Windows\System32\Wbem;C:\Windows\System32\WindowsPowerShell\v1.0\;C:\Windows\System32\OpenSSH\;C:\Program Files\dotnet\;C:\Users\Ruslan\AppData\Local\Programs\Python\Python39\Scripts;C:\Program Files\NVIDIA Corporation\NVIDIA NvDLISR;C:\Program Files (x86)\NVIDIA Corporation\PhysX\Common;C:\Program Files\Git\cmd;D:\Programms\NodeJS\;C:\Users\Ruslan\AppData\Local\Microsoft\WindowsApps;;D:\Programms\PyCharm 2023.1.4\bin;;D:\Programms\PhpStorm 2023.1.4\bin;;D:\Programms\CLion 2023.2.2\bin;;D:\Programms\IntelliJ IDEA 2023.3.2\bin;;C:\Users\Ruslan\AppData\Roaming\npm;D:\Programms\Microsoft VS Code\bin
USERNAME=Ruslan
OS=Windows_NT
PROCESSOR_IDENTIFIER=Intel64 Family 6 Model 186 Stepping 2, GenuineIntel
TMP=C:\Users\Ruslan\AppData\Local\Temp
TEMP=C:\Users\Ruslan\AppData\Local\Temp



Periodic native trim disabled


---------------  S Y S T E M  ---------------

OS:
 Windows 11 , 64 bit Build 22621 (10.0.22621.1928)
OS uptime: 0 days 5:08 hours
Hyper-V role detected

CPU: total 20 (initial active 20) (10 cores per cpu, 2 threads per core) family 6 model 186 stepping 2 microcode 0x410e, cx8, cmov, fxsr, ht, mmx, 3dnowpref, sse, sse2, sse3, ssse3, sse4.1, sse4.2, popcnt, lzcnt, tsc, tscinvbit, avx, avx2, aes, erms, clmul, bmi1, bmi2, adx, sha, fma, vzeroupper, clflush, clflushopt, clwb, hv
Processor Information for processor 0
  Max Mhz: 2400, Current Mhz: 2400, Mhz Limit: 2400
Processor Information for processor 1
  Max Mhz: 2400, Current Mhz: 2400, Mhz Limit: 2400
Processor Information for processor 2
  Max Mhz: 2400, Current Mhz: 2400, Mhz Limit: 2400
Processor Information for processor 3
  Max Mhz: 2400, Current Mhz: 2400, Mhz Limit: 2400
Processor Information for processor 4
  Max Mhz: 2400, Current Mhz: 2400, Mhz Limit: 2400
Processor Information for processor 5
  Max Mhz: 2400, Current Mhz: 2400, Mhz Limit: 2400
Processor Information for processor 6
  Max Mhz: 2400, Current Mhz: 2400, Mhz Limit: 2400
Processor Information for processor 7
  Max Mhz: 2400, Current Mhz: 2400, Mhz Limit: 2400
Processor Information for processor 8
  Max Mhz: 2400, Current Mhz: 2400, Mhz Limit: 2400
Processor Information for processor 9
  Max Mhz: 2400, Current Mhz: 2400, Mhz Limit: 2400
Processor Information for processor 10
  Max Mhz: 2400, Current Mhz: 2400, Mhz Limit: 2400
Processor Information for processor 11
  Max Mhz: 2400, Current Mhz: 2400, Mhz Limit: 2400
Processor Information for processor 12
  Max Mhz: 2400, Current Mhz: 1800, Mhz Limit: 1800
Processor Information for processor 13
  Max Mhz: 2400, Current Mhz: 1800, Mhz Limit: 1800
Processor Information for processor 14
  Max Mhz: 2400, Current Mhz: 1800, Mhz Limit: 1800
Processor Information for processor 15
  Max Mhz: 2400, Current Mhz: 1800, Mhz Limit: 1800
Processor Information for processor 16
  Max Mhz: 2400, Current Mhz: 1800, Mhz Limit: 1800
Processor Information for processor 17
  Max Mhz: 2400, Current Mhz: 1800, Mhz Limit: 1800
Processor Information for processor 18
  Max Mhz: 2400, Current Mhz: 1800, Mhz Limit: 1800
Processor Information for processor 19
  Max Mhz: 2400, Current Mhz: 1800, Mhz Limit: 1800

Memory: 4k page, system-wide physical 16068M (5863M free)
TotalPageFile size 20067M (AvailPageFile size 5M)
current process WorkingSet (physical memory assigned to process): 326M, peak: 499M
current process commit charge ("private bytes"): 474M, peak: 573M

vm_info: OpenJDK 64-Bit Server VM (17.0.9+9) for windows-amd64 JRE (17.0.9+9), built on Oct 26 2023 14:01:42 by "admin" with MS VC++ 16.10 / 16.11 (VS2019)

END.
