#
# There is insufficient memory for the Java Runtime Environment to continue.
# Native memory allocation (malloc) failed to allocate 1048576 bytes for AllocateHeap
# Possible reasons:
#   The system is out of physical RAM or swap space
#   The process is running with CompressedOops enabled, and the Java Heap may be blocking the growth of the native heap
# Possible solutions:
#   Reduce memory load on the system
#   Increase physical memory or swap space
#   Check if swap backing store is full
#   Decrease Java heap size (-Xmx/-Xms)
#   Decrease number of Java threads
#   Decrease Java thread stack sizes (-Xss)
#   Set larger code cache with -XX:ReservedCodeCacheSize=
#   JVM is running with Unscaled Compressed Oops mode in which the Java heap is
#     placed in the first 4GB address space. The Java Heap base address is the
#     maximum limit for the native heap growth. Please use -XX:HeapBaseMinAddress
#     to set the Java Heap base and to place the Java Heap above 4GB virtual address.
# This output file may be truncated or incomplete.
#
#  Out of Memory Error (allocation.cpp:44), pid=1048, tid=19480
#
# JRE version: OpenJDK Runtime Environment Temurin-17.0.9+9 (17.0.9+9) (build 17.0.9+9)
# Java VM: OpenJDK 64-Bit Server VM Temurin-17.0.9+9 (17.0.9+9, mixed mode, emulated-client, tiered, compressed oops, compressed class ptrs, g1 gc, windows-amd64)
# No core dump will be written. Minidumps are not enabled by default on client versions of Windows
#

---------------  S U M M A R Y ------------

Command Line: -XX:+HeapDumpOnOutOfMemoryError -Xmx1024m -Dsts.lsp.client=vscode -Dsts.log.file=/dev/null -XX:TieredStopAtLevel=1 -Xlog:jni+resolve=off -Dspring.config.location=file:c:\Users\Ruslan\.vscode\extensions\vmware.vscode-spring-boot-1.51.0\language-server\BOOT-INF\classes\application.properties org.springframework.ide.vscode.boot.app.BootLanguageServerBootApp

Host: 13th Gen Intel(R) Core(TM) i7-13700H, 20 cores, 15G,  Windows 11 , 64 bit Build 22621 (10.0.22621.1928)
Time: Sat Jan 13 19:56:44 2024 RTZ 2 (s 11 , 64 bit Build 22621 (10.0.22621.1928) elapsed time: 1271.816093 seconds (0d 0h 21m 11s)

---------------  T H R E A D  ---------------

Current thread (0x000002626503ce50):  VMThread "VM Thread" [stack: 0x000000d91f600000,0x000000d91f700000] [id=19480]

Stack: [0x000000d91f600000,0x000000d91f700000]
Native frames: (J=compiled Java code, j=interpreted, Vv=VM code, C=native code)
V  [jvm.dll+0x67cf49]
V  [jvm.dll+0x83478a]
V  [jvm.dll+0x83624e]
V  [jvm.dll+0x8368b3]
V  [jvm.dll+0x247f1f]
V  [jvm.dll+0xa6b4b]
V  [jvm.dll+0x2f8e73]
V  [jvm.dll+0x2f4af0]
V  [jvm.dll+0x2dd0d7]
V  [jvm.dll+0x320357]
V  [jvm.dll+0x83adab]
V  [jvm.dll+0x83baf1]
V  [jvm.dll+0x83c00d]
V  [jvm.dll+0x83c3e4]
V  [jvm.dll+0x83c4b0]
V  [jvm.dll+0x7e3c3a]
V  [jvm.dll+0x67be35]
C  [ucrtbase.dll+0x29363]
C  [KERNEL32.DLL+0x126ad]
C  [ntdll.dll+0x5aa68]

VM_Operation (0x000000d921cfefa0): G1CollectFull, mode: safepoint, requested by thread 0x00000262650bfab0


---------------  P R O C E S S  ---------------

Threads class SMR info:
_java_thread_list=0x0000026267334eb0, length=19, elements={
0x000002626505d390, 0x000002626505fe70, 0x0000026265073c10, 0x00000262650745e0,
0x0000026265076ec0, 0x00000262650c04d0, 0x00000262650cd120, 0x00000262650cda30,
0x00000262650c0ef0, 0x00000262650c1400, 0x00000262650c2330, 0x00000262650bfab0,
0x00000262650bf090, 0x00000262650c09e0, 0x00000262650c1910, 0x00000262650c1e20,
0x00000262650bf5a0, 0x0000026266c8aa80, 0x0000026266c88c20
}

Java Threads: ( => current thread )
  0x000002626505d390 JavaThread "Reference Handler" daemon [_thread_blocked, id=5200, stack(0x000000d91f700000,0x000000d91f800000)]
  0x000002626505fe70 JavaThread "Finalizer" daemon [_thread_blocked, id=12128, stack(0x000000d91f800000,0x000000d91f900000)]
  0x0000026265073c10 JavaThread "Signal Dispatcher" daemon [_thread_blocked, id=15624, stack(0x000000d91f900000,0x000000d91fa00000)]
  0x00000262650745e0 JavaThread "Attach Listener" daemon [_thread_blocked, id=20088, stack(0x000000d91fa00000,0x000000d91fb00000)]
  0x0000026265076ec0 JavaThread "Service Thread" daemon [_thread_blocked, id=14268, stack(0x000000d91fb00000,0x000000d91fc00000)]
  0x00000262650c04d0 JavaThread "Monitor Deflation Thread" daemon [_thread_blocked, id=1640, stack(0x000000d91fc00000,0x000000d91fd00000)]
  0x00000262650cd120 JavaThread "C1 CompilerThread0" daemon [_thread_blocked, id=17092, stack(0x000000d91fd00000,0x000000d91fe00000)]
  0x00000262650cda30 JavaThread "Sweeper thread" daemon [_thread_blocked, id=10176, stack(0x000000d91fe00000,0x000000d91ff00000)]
  0x00000262650c0ef0 JavaThread "Notification Thread" daemon [_thread_blocked, id=13740, stack(0x000000d920200000,0x000000d920300000)]
  0x00000262650c1400 JavaThread "Common-Cleaner" daemon [_thread_blocked, id=18644, stack(0x000000d920400000,0x000000d920500000)]
  0x00000262650c2330 JavaThread "boundedElastic-evictor-1" daemon [_thread_blocked, id=18288, stack(0x000000d921b00000,0x000000d921c00000)]
  0x00000262650bfab0 JavaThread "pool-12-thread-1" [_thread_blocked, id=19320, stack(0x000000d921c00000,0x000000d921d00000)]
  0x00000262650bf090 JavaThread "LanguageServerApp-lifecycle" [_thread_blocked, id=10184, stack(0x000000d921d00000,0x000000d921e00000)]
  0x00000262650c09e0 JavaThread "DestroyJavaVM" [_thread_blocked, id=13896, stack(0x000000d91f000000,0x000000d91f100000)]
  0x00000262650c1910 JavaThread "pool-13-thread-1" [_thread_in_native, id=18376, stack(0x000000d921e00000,0x000000d921f00000)]
  0x00000262650c1e20 JavaThread "Simple-Language-Server main thread" daemon [_thread_blocked, id=19100, stack(0x000000d921f00000,0x000000d922000000)]
  0x00000262650bf5a0 JavaThread "pool-6-thread-1" [_thread_blocked, id=19868, stack(0x000000d922200000,0x000000d922300000)]
  0x0000026266c8aa80 JavaThread "parallel-1" daemon [_thread_blocked, id=19676, stack(0x000000d922300000,0x000000d922400000)]
  0x0000026266c88c20 JavaThread "parallel-2" daemon [_thread_blocked, id=18164, stack(0x000000d922500000,0x000000d922600000)]

Other Threads:
=>0x000002626503ce50 VMThread "VM Thread" [stack: 0x000000d91f600000,0x000000d91f700000] [id=19480]
  0x00000262652d7800 WatcherThread [stack: 0x000000d920300000,0x000000d920400000] [id=18304]
  0x000002625514ee90 GCTaskThread "GC Thread#0" [stack: 0x000000d91f100000,0x000000d91f200000] [id=16688]
  0x0000026265f61030 GCTaskThread "GC Thread#1" [stack: 0x000000d920500000,0x000000d920600000] [id=8468]
  0x0000026265f612f0 GCTaskThread "GC Thread#2" [stack: 0x000000d920600000,0x000000d920700000] [id=17456]
  0x0000026265f615b0 GCTaskThread "GC Thread#3" [stack: 0x000000d920700000,0x000000d920800000] [id=15112]
  0x0000026265f61c80 GCTaskThread "GC Thread#4" [stack: 0x000000d920800000,0x000000d920900000] [id=18768]
  0x0000026265f3fb20 GCTaskThread "GC Thread#5" [stack: 0x000000d920900000,0x000000d920a00000] [id=15180]
  0x0000026265f40ba0 GCTaskThread "GC Thread#6" [stack: 0x000000d921000000,0x000000d921100000] [id=16672]
  0x0000026265f3f2e0 GCTaskThread "GC Thread#7" [stack: 0x000000d921100000,0x000000d921200000] [id=7336]
  0x0000026265f3f5a0 GCTaskThread "GC Thread#8" [stack: 0x000000d921200000,0x000000d921300000] [id=11532]
  0x0000026265f3f860 GCTaskThread "GC Thread#9" [stack: 0x000000d921300000,0x000000d921400000] [id=19468]
  0x0000026265f40360 GCTaskThread "GC Thread#10" [stack: 0x000000d921400000,0x000000d921500000] [id=15576]
  0x0000026265f3fde0 GCTaskThread "GC Thread#11" [stack: 0x000000d921500000,0x000000d921600000] [id=12140]
  0x00000262664dd5c0 GCTaskThread "GC Thread#12" [stack: 0x000000d920a00000,0x000000d920b00000] [id=3992]
  0x00000262664debc0 GCTaskThread "GC Thread#13" [stack: 0x000000d921900000,0x000000d921a00000] [id=9084]
  0x00000262664df400 GCTaskThread "GC Thread#14" [stack: 0x000000d921a00000,0x000000d921b00000] [id=17768]
  0x0000026255157e50 ConcurrentGCThread "G1 Main Marker" [stack: 0x000000d91f200000,0x000000d91f300000] [id=14288]
  0x0000026255159630 ConcurrentGCThread "G1 Conc#0" [stack: 0x000000d91f300000,0x000000d91f400000] [id=6684]
  0x0000026265f400a0 ConcurrentGCThread "G1 Conc#1" [stack: 0x000000d921600000,0x000000d921700000] [id=17912]
  0x0000026265f408e0 ConcurrentGCThread "G1 Conc#2" [stack: 0x000000d921700000,0x000000d921800000] [id=12404]
  0x00000262664dd300 ConcurrentGCThread "G1 Conc#3" [stack: 0x000000d921800000,0x000000d921900000] [id=17824]
  0x0000026260d481b0 ConcurrentGCThread "G1 Refine#0" [stack: 0x000000d91f400000,0x000000d91f500000] [id=18964]
  0x0000026260d499a0 ConcurrentGCThread "G1 Service" [stack: 0x000000d91f500000,0x000000d91f600000] [id=17212]

Threads with active compile tasks:

VM state: at safepoint (normal execution)

VM Mutex/Monitor currently owned by a thread:  ([mutex/lock_event])
[0x0000026252d9dea0] Threads_lock - owner thread: 0x000002626503ce50
[0x000002625510d5b0] Heap_lock - owner thread: 0x00000262650bfab0

Heap address: 0x00000000c0000000, size: 1024 MB, Compressed Oops mode: 32-bit

CDS archive(s) not mapped
Compressed class space mapped at: 0x0000000100000000-0x0000000140000000, reserved size: 1073741824
Narrow klass base: 0x0000000000000000, Narrow klass shift: 3, Narrow klass range: 0x140000000

GC Precious Log:
 CPUs: 20 total, 20 available
 Memory: 16068M
 Large Page Support: Disabled
 NUMA Support: Disabled
 Compressed Oops: Enabled (32-bit)
 Heap Region Size: 1M
 Heap Min Capacity: 8M
 Heap Initial Capacity: 252M
 Heap Max Capacity: 1G
 Pre-touch: Disabled
 Parallel Workers: 15
 Concurrent Workers: 4
 Concurrent Refinement Workers: 15
 Periodic GC: Disabled

Heap:
 garbage-first heap   total 81920K, used 24394K [0x00000000c0000000, 0x0000000100000000)
  region size 1024K, 1 young (1024K), 0 survivors (0K)
 Metaspace       used 47476K, committed 48128K, reserved 1114112K
  class space    used 6110K, committed 6400K, reserved 1048576K

Heap Regions: E=young(eden), S=young(survivor), O=old, HS=humongous(starts), HC=humongous(continues), CS=collection set, F=free, OA=open archive, CA=closed archive, TAMS=top-at-mark-start (previous, next)
|   0|0x00000000c0000000, 0x00000000c0100000, 0x00000000c0100000|100%|HS|  |TAMS 0x00000000c0100000, 0x00000000c0000000| Untracked 
|   1|0x00000000c0100000, 0x00000000c0200000, 0x00000000c0200000|100%|HC|  |TAMS 0x00000000c0200000, 0x00000000c0100000| Untracked 
|   2|0x00000000c0200000, 0x00000000c0300000, 0x00000000c0300000|100%|HC|  |TAMS 0x00000000c0300000, 0x00000000c0200000| Untracked 
|   3|0x00000000c0300000, 0x00000000c0400000, 0x00000000c0400000|100%|HC|  |TAMS 0x00000000c0400000, 0x00000000c0300000| Untracked 
|   4|0x00000000c0400000, 0x00000000c0500000, 0x00000000c0500000|100%| O|  |TAMS 0x00000000c0500000, 0x00000000c0400000| Untracked 
|   5|0x00000000c0500000, 0x00000000c0600000, 0x00000000c0600000|100%| O|  |TAMS 0x00000000c0600000, 0x00000000c0500000| Untracked 
|   6|0x00000000c0600000, 0x00000000c0700000, 0x00000000c0700000|100%| O|  |TAMS 0x00000000c0700000, 0x00000000c0600000| Untracked 
|   7|0x00000000c0700000, 0x00000000c07ffff0, 0x00000000c0800000| 99%| O|  |TAMS 0x00000000c07ffff0, 0x00000000c0700000| Untracked 
|   8|0x00000000c0800000, 0x00000000c0900000, 0x00000000c0900000|100%| O|  |TAMS 0x00000000c0900000, 0x00000000c0800000| Untracked 
|   9|0x00000000c0900000, 0x00000000c09f4810, 0x00000000c0a00000| 95%| O|  |TAMS 0x00000000c09f4810, 0x00000000c0900000| Untracked 
|  10|0x00000000c0a00000, 0x00000000c0afffd8, 0x00000000c0b00000| 99%| O|  |TAMS 0x00000000c0afffd8, 0x00000000c0a00000| Untracked 
|  11|0x00000000c0b00000, 0x00000000c0bffff0, 0x00000000c0c00000| 99%| O|  |TAMS 0x00000000c0bffff0, 0x00000000c0b00000| Untracked 
|  12|0x00000000c0c00000, 0x00000000c0d00000, 0x00000000c0d00000|100%| O|  |TAMS 0x00000000c0d00000, 0x00000000c0c00000| Untracked 
|  13|0x00000000c0d00000, 0x00000000c0dffff0, 0x00000000c0e00000| 99%| O|  |TAMS 0x00000000c0dffff0, 0x00000000c0d00000| Untracked 
|  14|0x00000000c0e00000, 0x00000000c0efffd8, 0x00000000c0f00000| 99%| O|  |TAMS 0x00000000c0efffd8, 0x00000000c0e00000| Untracked 
|  15|0x00000000c0f00000, 0x00000000c0fffb90, 0x00000000c1000000| 99%| O|  |TAMS 0x00000000c0fffb90, 0x00000000c0f00000| Untracked 
|  16|0x00000000c1000000, 0x00000000c10fffe8, 0x00000000c1100000| 99%| O|  |TAMS 0x00000000c10fffe8, 0x00000000c1000000| Untracked 
|  17|0x00000000c1100000, 0x00000000c11fc2a0, 0x00000000c1200000| 98%| O|  |TAMS 0x00000000c11fc2a0, 0x00000000c1100000| Untracked 
|  18|0x00000000c1200000, 0x00000000c12ffe60, 0x00000000c1300000| 99%| O|  |TAMS 0x00000000c12ffe60, 0x00000000c1200000| Untracked 
|  19|0x00000000c1300000, 0x00000000c13fffd8, 0x00000000c1400000| 99%| O|  |TAMS 0x00000000c13fffd8, 0x00000000c1300000| Untracked 
|  20|0x00000000c1400000, 0x00000000c14fffc8, 0x00000000c1500000| 99%| O|  |TAMS 0x00000000c14fffc8, 0x00000000c1400000| Untracked 
|  21|0x00000000c1500000, 0x00000000c15fffc8, 0x00000000c1600000| 99%| O|  |TAMS 0x00000000c15fffc8, 0x00000000c1500000| Untracked 
|  22|0x00000000c1600000, 0x00000000c1700000, 0x00000000c1700000|100%| O|  |TAMS 0x00000000c1700000, 0x00000000c1600000| Untracked 
|  23|0x00000000c1700000, 0x00000000c17e0558, 0x00000000c1800000| 87%| O|  |TAMS 0x00000000c1700000, 0x00000000c1700000| Untracked 
|  24|0x00000000c1800000, 0x00000000c1802250, 0x00000000c1900000|  0%| O|  |TAMS 0x00000000c1800000, 0x00000000c1800000| Untracked 
|  25|0x00000000c1900000, 0x00000000c1900000, 0x00000000c1a00000|  0%| F|  |TAMS 0x00000000c1900000, 0x00000000c1900000| Untracked 
|  26|0x00000000c1a00000, 0x00000000c1a00000, 0x00000000c1b00000|  0%| F|  |TAMS 0x00000000c1a00000, 0x00000000c1a00000| Untracked 
|  27|0x00000000c1b00000, 0x00000000c1b00000, 0x00000000c1c00000|  0%| F|  |TAMS 0x00000000c1b00000, 0x00000000c1b00000| Untracked 
|  28|0x00000000c1c00000, 0x00000000c1c00000, 0x00000000c1d00000|  0%| F|  |TAMS 0x00000000c1c00000, 0x00000000c1c00000| Untracked 
|  29|0x00000000c1d00000, 0x00000000c1d00000, 0x00000000c1e00000|  0%| F|  |TAMS 0x00000000c1d00000, 0x00000000c1d00000| Untracked 
|  30|0x00000000c1e00000, 0x00000000c1e00000, 0x00000000c1f00000|  0%| F|  |TAMS 0x00000000c1e00000, 0x00000000c1e00000| Untracked 
|  31|0x00000000c1f00000, 0x00000000c1f00000, 0x00000000c2000000|  0%| F|  |TAMS 0x00000000c1f00000, 0x00000000c1f00000| Untracked 
|  32|0x00000000c2000000, 0x00000000c2000000, 0x00000000c2100000|  0%| F|  |TAMS 0x00000000c2000000, 0x00000000c2000000| Untracked 
|  33|0x00000000c2100000, 0x00000000c2100000, 0x00000000c2200000|  0%| F|  |TAMS 0x00000000c2100000, 0x00000000c2100000| Untracked 
|  34|0x00000000c2200000, 0x00000000c2200000, 0x00000000c2300000|  0%| F|  |TAMS 0x00000000c2200000, 0x00000000c2200000| Untracked 
|  35|0x00000000c2300000, 0x00000000c2300000, 0x00000000c2400000|  0%| F|  |TAMS 0x00000000c2300000, 0x00000000c2300000| Untracked 
|  36|0x00000000c2400000, 0x00000000c2400000, 0x00000000c2500000|  0%| F|  |TAMS 0x00000000c2400000, 0x00000000c2400000| Untracked 
|  37|0x00000000c2500000, 0x00000000c2500000, 0x00000000c2600000|  0%| F|  |TAMS 0x00000000c2500000, 0x00000000c2500000| Untracked 
|  38|0x00000000c2600000, 0x00000000c2600000, 0x00000000c2700000|  0%| F|  |TAMS 0x00000000c2600000, 0x00000000c2600000| Untracked 
|  39|0x00000000c2700000, 0x00000000c2700000, 0x00000000c2800000|  0%| F|  |TAMS 0x00000000c2700000, 0x00000000c2700000| Untracked 
|  40|0x00000000c2800000, 0x00000000c2800000, 0x00000000c2900000|  0%| F|  |TAMS 0x00000000c2800000, 0x00000000c2800000| Untracked 
|  41|0x00000000c2900000, 0x00000000c2900000, 0x00000000c2a00000|  0%| F|  |TAMS 0x00000000c2900000, 0x00000000c2900000| Untracked 
|  42|0x00000000c2a00000, 0x00000000c2a00000, 0x00000000c2b00000|  0%| F|  |TAMS 0x00000000c2a00000, 0x00000000c2a00000| Untracked 
|  43|0x00000000c2b00000, 0x00000000c2b00000, 0x00000000c2c00000|  0%| F|  |TAMS 0x00000000c2b00000, 0x00000000c2b00000| Untracked 
|  44|0x00000000c2c00000, 0x00000000c2c00000, 0x00000000c2d00000|  0%| F|  |TAMS 0x00000000c2c00000, 0x00000000c2c00000| Untracked 
|  45|0x00000000c2d00000, 0x00000000c2d00000, 0x00000000c2e00000|  0%| F|  |TAMS 0x00000000c2d00000, 0x00000000c2d00000| Untracked 
|  46|0x00000000c2e00000, 0x00000000c2e00000, 0x00000000c2f00000|  0%| F|  |TAMS 0x00000000c2e00000, 0x00000000c2e00000| Untracked 
|  47|0x00000000c2f00000, 0x00000000c2f00000, 0x00000000c3000000|  0%| F|  |TAMS 0x00000000c2f00000, 0x00000000c2f00000| Untracked 
|  48|0x00000000c3000000, 0x00000000c3000000, 0x00000000c3100000|  0%| F|  |TAMS 0x00000000c3000000, 0x00000000c3000000| Untracked 
|  49|0x00000000c3100000, 0x00000000c3100000, 0x00000000c3200000|  0%| F|  |TAMS 0x00000000c3100000, 0x00000000c3100000| Untracked 
|  50|0x00000000c3200000, 0x00000000c3200000, 0x00000000c3300000|  0%| F|  |TAMS 0x00000000c3200000, 0x00000000c3200000| Untracked 
|  51|0x00000000c3300000, 0x00000000c3300000, 0x00000000c3400000|  0%| F|  |TAMS 0x00000000c3300000, 0x00000000c3300000| Untracked 
|  52|0x00000000c3400000, 0x00000000c3400000, 0x00000000c3500000|  0%| F|  |TAMS 0x00000000c3400000, 0x00000000c3400000| Untracked 
|  53|0x00000000c3500000, 0x00000000c3500000, 0x00000000c3600000|  0%| F|  |TAMS 0x00000000c3500000, 0x00000000c3500000| Untracked 
|  54|0x00000000c3600000, 0x00000000c3600000, 0x00000000c3700000|  0%| F|  |TAMS 0x00000000c3600000, 0x00000000c3600000| Untracked 
|  55|0x00000000c3700000, 0x00000000c3700000, 0x00000000c3800000|  0%| F|  |TAMS 0x00000000c3700000, 0x00000000c3700000| Untracked 
|  56|0x00000000c3800000, 0x00000000c3800000, 0x00000000c3900000|  0%| F|  |TAMS 0x00000000c3800000, 0x00000000c3800000| Untracked 
|  57|0x00000000c3900000, 0x00000000c3900000, 0x00000000c3a00000|  0%| F|  |TAMS 0x00000000c3900000, 0x00000000c3900000| Untracked 
|  58|0x00000000c3a00000, 0x00000000c3a00000, 0x00000000c3b00000|  0%| F|  |TAMS 0x00000000c3a00000, 0x00000000c3a00000| Untracked 
|  59|0x00000000c3b00000, 0x00000000c3b00000, 0x00000000c3c00000|  0%| F|  |TAMS 0x00000000c3b00000, 0x00000000c3b00000| Untracked 
|  60|0x00000000c3c00000, 0x00000000c3c00000, 0x00000000c3d00000|  0%| F|  |TAMS 0x00000000c3c00000, 0x00000000c3c00000| Untracked 
|  61|0x00000000c3d00000, 0x00000000c3d00000, 0x00000000c3e00000|  0%| F|  |TAMS 0x00000000c3d00000, 0x00000000c3d00000| Untracked 
|  62|0x00000000c3e00000, 0x00000000c3e00000, 0x00000000c3f00000|  0%| F|  |TAMS 0x00000000c3e00000, 0x00000000c3e00000| Untracked 
|  63|0x00000000c3f00000, 0x00000000c3f00000, 0x00000000c4000000|  0%| F|  |TAMS 0x00000000c3f00000, 0x00000000c3f00000| Untracked 
|  64|0x00000000c4000000, 0x00000000c4000000, 0x00000000c4100000|  0%| F|  |TAMS 0x00000000c4000000, 0x00000000c4000000| Untracked 
|  65|0x00000000c4100000, 0x00000000c4100000, 0x00000000c4200000|  0%| F|  |TAMS 0x00000000c4100000, 0x00000000c4100000| Untracked 
|  66|0x00000000c4200000, 0x00000000c4200000, 0x00000000c4300000|  0%| F|  |TAMS 0x00000000c4200000, 0x00000000c4200000| Untracked 
|  67|0x00000000c4300000, 0x00000000c4300000, 0x00000000c4400000|  0%| F|  |TAMS 0x00000000c4300000, 0x00000000c4300000| Untracked 
|  68|0x00000000c4400000, 0x00000000c4400000, 0x00000000c4500000|  0%| F|  |TAMS 0x00000000c4400000, 0x00000000c4400000| Untracked 
|  69|0x00000000c4500000, 0x00000000c4500000, 0x00000000c4600000|  0%| F|  |TAMS 0x00000000c4500000, 0x00000000c4500000| Untracked 
|  70|0x00000000c4600000, 0x00000000c4600000, 0x00000000c4700000|  0%| F|  |TAMS 0x00000000c4600000, 0x00000000c4600000| Untracked 
|  71|0x00000000c4700000, 0x00000000c4700000, 0x00000000c4800000|  0%| F|  |TAMS 0x00000000c4700000, 0x00000000c4700000| Untracked 
|  72|0x00000000c4800000, 0x00000000c4800000, 0x00000000c4900000|  0%| F|  |TAMS 0x00000000c4800000, 0x00000000c4800000| Untracked 
|  73|0x00000000c4900000, 0x00000000c4900000, 0x00000000c4a00000|  0%| F|  |TAMS 0x00000000c4900000, 0x00000000c4900000| Untracked 
|  74|0x00000000c4a00000, 0x00000000c4a00000, 0x00000000c4b00000|  0%| F|  |TAMS 0x00000000c4a00000, 0x00000000c4a00000| Untracked 
|  75|0x00000000c4b00000, 0x00000000c4b00000, 0x00000000c4c00000|  0%| F|  |TAMS 0x00000000c4b00000, 0x00000000c4b00000| Untracked 
|  76|0x00000000c4c00000, 0x00000000c4c00000, 0x00000000c4d00000|  0%| F|  |TAMS 0x00000000c4c00000, 0x00000000c4c00000| Untracked 
|  77|0x00000000c4d00000, 0x00000000c4d00000, 0x00000000c4e00000|  0%| F|  |TAMS 0x00000000c4d00000, 0x00000000c4d00000| Untracked 
|  78|0x00000000c4e00000, 0x00000000c4e00000, 0x00000000c4f00000|  0%| F|  |TAMS 0x00000000c4e00000, 0x00000000c4e00000| Untracked 
|  79|0x00000000c4f00000, 0x00000000c4f126a8, 0x00000000c5000000|  7%| E|  |TAMS 0x00000000c4f00000, 0x00000000c4f00000| Complete 

Card table byte_map: [0x000002625b830000,0x000002625ba30000] _byte_map_base: 0x000002625b230000

Marking Bits (Prev, Next): (CMBitMap*) 0x000002625514f400, (CMBitMap*) 0x000002625514f3c0
 Prev Bits: [0x000002625cc30000, 0x000002625dc30000)
 Next Bits: [0x000002625bc30000, 0x000002625cc30000)

Polling page: 0x00000262548c0000

Metaspace:

Usage:
  Non-class:     40.40 MB used.
      Class:      5.97 MB used.
       Both:     46.36 MB used.

Virtual space:
  Non-class space:       64.00 MB reserved,      40.75 MB ( 64%) committed,  1 nodes.
      Class space:        1.00 GB reserved,       6.25 MB ( <1%) committed,  1 nodes.
             Both:        1.06 GB reserved,      47.00 MB (  4%) committed. 

Chunk freelists:
   Non-Class:  7.44 MB
       Class:  9.89 MB
        Both:  17.33 MB

MaxMetaspaceSize: unlimited
CompressedClassSpaceSize: 1.00 GB
Initial GC threshold: 21.00 MB
Current GC threshold: 78.38 MB
CDS: off
MetaspaceReclaimPolicy: balanced
 - commit_granule_bytes: 65536.
 - commit_granule_words: 8192.
 - virtual_space_node_default_size: 8388608.
 - enlarge_chunks_in_place: 1.
 - new_chunks_are_fully_committed: 0.
 - uncommit_free_chunks: 1.
 - use_allocation_guard: 0.
 - handle_deallocations: 1.


Internal statistics:

num_allocs_failed_limit: 8.
num_arena_births: 588.
num_arena_deaths: 202.
num_vsnodes_births: 2.
num_vsnodes_deaths: 0.
num_space_committed: 752.
num_space_uncommitted: 0.
num_chunks_returned_to_freelist: 245.
num_chunks_taken_from_freelist: 1991.
num_chunk_merges: 80.
num_chunk_splits: 1387.
num_chunks_enlarged: 1032.
num_inconsistent_stats: 0.

CodeCache: size=49152Kb used=8415Kb max_used=12754Kb free=40736Kb
 bounds [0x0000026257da0000, 0x0000026258a20000, 0x000002625ada0000]
 total_blobs=5283 nmethods=4667 adapters=542
 compilation: enabled
              stopped_count=0, restarted_count=0
 full_count=0

Compilation events (20 events):
Event: 1231.749 Thread 0x00000262650cd120 4658       1       java.util.concurrent.ScheduledThreadPoolExecutor$DelayedWorkQueue::add (9 bytes)
Event: 1231.749 Thread 0x00000262650cd120 nmethod 4658 0x0000026257faf190 code [0x0000026257faf320, 0x0000026257faf448]
Event: 1231.749 Thread 0x00000262650cd120 4659       1       java.util.concurrent.ScheduledThreadPoolExecutor$DelayedWorkQueue::add (6 bytes)
Event: 1231.749 Thread 0x00000262650cd120 nmethod 4659 0x0000026257faee90 code [0x0000026257faf020, 0x0000026257faf108]
Event: 1231.749 Thread 0x00000262650cd120 4660   !   1       java.util.concurrent.ScheduledThreadPoolExecutor$DelayedWorkQueue::offer (123 bytes)
Event: 1231.751 Thread 0x00000262650cd120 nmethod 4660 0x0000026257fadc10 code [0x0000026257fade80, 0x0000026257fae708]
Event: 1231.751 Thread 0x00000262650cd120 4661       1       java.util.concurrent.ThreadPoolExecutor::ensurePrestart (41 bytes)
Event: 1231.751 Thread 0x00000262650cd120 nmethod 4661 0x0000026257fad810 code [0x0000026257fad9c0, 0x0000026257fadb38]
Event: 1241.184 Thread 0x00000262650cd120 4662       1       java.util.concurrent.locks.AbstractQueuedSynchronizer$Node::clearStatus (12 bytes)
Event: 1241.184 Thread 0x00000262650cd120 nmethod 4662 0x0000026257fad510 code [0x0000026257fad6a0, 0x0000026257fad778]
Event: 1241.184 Thread 0x00000262650cd120 4663       1       jdk.internal.misc.Unsafe::putIntOpaque (9 bytes)
Event: 1241.184 Thread 0x00000262650cd120 nmethod 4663 0x0000026257fad210 code [0x0000026257fad3a0, 0x0000026257fad478]
Event: 1241.333 Thread 0x00000262650cd120 4664       1       java.lang.Runtime::getRuntime (4 bytes)
Event: 1241.351 Thread 0x00000262650cd120 nmethod 4664 0x0000026257facf10 code [0x0000026257fad0a0, 0x0000026257fad158]
Event: 1251.358 Thread 0x00000262650cd120 4665       1       java.util.concurrent.ScheduledThreadPoolExecutor$DelayedWorkQueue::finishPoll (43 bytes)
Event: 1251.358 Thread 0x00000262650cd120 nmethod 4665 0x0000026257faca10 code [0x0000026257facbc0, 0x0000026257facda8]
Event: 1251.358 Thread 0x00000262650cd120 4666       1       java.util.concurrent.ScheduledThreadPoolExecutor$ScheduledFutureTask::run (57 bytes)
Event: 1251.359 Thread 0x00000262650cd120 nmethod 4666 0x0000026257fac490 code [0x0000026257fac680, 0x0000026257fac8b8]
Event: 1251.359 Thread 0x00000262650cd120 4667       1       java.util.concurrent.ScheduledThreadPoolExecutor$ScheduledFutureTask::isPeriodic (15 bytes)
Event: 1251.359 Thread 0x00000262650cd120 nmethod 4667 0x0000026257fac190 code [0x0000026257fac320, 0x0000026257fac418]

GC Heap History (20 events):
Event: 1170.145 GC heap before
{Heap before GC invocations=121 (full 111):
 garbage-first heap   total 81920K, used 24394K [0x00000000c0000000, 0x0000000100000000)
  region size 1024K, 1 young (1024K), 0 survivors (0K)
 Metaspace       used 47476K, committed 48128K, reserved 1114112K
  class space    used 6110K, committed 6400K, reserved 1048576K
}
Event: 1170.177 GC heap after
{Heap after GC invocations=122 (full 112):
 garbage-first heap   total 81920K, used 24394K [0x00000000c0000000, 0x0000000100000000)
  region size 1024K, 0 young (0K), 0 survivors (0K)
 Metaspace       used 47476K, committed 48128K, reserved 1114112K
  class space    used 6110K, committed 6400K, reserved 1048576K
}
Event: 1180.318 GC heap before
{Heap before GC invocations=122 (full 112):
 garbage-first heap   total 81920K, used 24394K [0x00000000c0000000, 0x0000000100000000)
  region size 1024K, 1 young (1024K), 0 survivors (0K)
 Metaspace       used 47476K, committed 48128K, reserved 1114112K
  class space    used 6110K, committed 6400K, reserved 1048576K
}
Event: 1180.347 GC heap after
{Heap after GC invocations=123 (full 113):
 garbage-first heap   total 81920K, used 24394K [0x00000000c0000000, 0x0000000100000000)
  region size 1024K, 0 young (0K), 0 survivors (0K)
 Metaspace       used 47476K, committed 48128K, reserved 1114112K
  class space    used 6110K, committed 6400K, reserved 1048576K
}
Event: 1190.452 GC heap before
{Heap before GC invocations=123 (full 113):
 garbage-first heap   total 81920K, used 24394K [0x00000000c0000000, 0x0000000100000000)
  region size 1024K, 1 young (1024K), 0 survivors (0K)
 Metaspace       used 47476K, committed 48128K, reserved 1114112K
  class space    used 6110K, committed 6400K, reserved 1048576K
}
Event: 1190.480 GC heap after
{Heap after GC invocations=124 (full 114):
 garbage-first heap   total 81920K, used 24394K [0x00000000c0000000, 0x0000000100000000)
  region size 1024K, 0 young (0K), 0 survivors (0K)
 Metaspace       used 47476K, committed 48128K, reserved 1114112K
  class space    used 6110K, committed 6400K, reserved 1048576K
}
Event: 1200.640 GC heap before
{Heap before GC invocations=124 (full 114):
 garbage-first heap   total 81920K, used 24394K [0x00000000c0000000, 0x0000000100000000)
  region size 1024K, 1 young (1024K), 0 survivors (0K)
 Metaspace       used 47476K, committed 48128K, reserved 1114112K
  class space    used 6110K, committed 6400K, reserved 1048576K
}
Event: 1200.674 GC heap after
{Heap after GC invocations=125 (full 115):
 garbage-first heap   total 81920K, used 24394K [0x00000000c0000000, 0x0000000100000000)
  region size 1024K, 0 young (0K), 0 survivors (0K)
 Metaspace       used 47476K, committed 48128K, reserved 1114112K
  class space    used 6110K, committed 6400K, reserved 1048576K
}
Event: 1210.804 GC heap before
{Heap before GC invocations=125 (full 115):
 garbage-first heap   total 81920K, used 24394K [0x00000000c0000000, 0x0000000100000000)
  region size 1024K, 1 young (1024K), 0 survivors (0K)
 Metaspace       used 47476K, committed 48128K, reserved 1114112K
  class space    used 6110K, committed 6400K, reserved 1048576K
}
Event: 1210.830 GC heap after
{Heap after GC invocations=126 (full 116):
 garbage-first heap   total 81920K, used 24394K [0x00000000c0000000, 0x0000000100000000)
  region size 1024K, 0 young (0K), 0 survivors (0K)
 Metaspace       used 47476K, committed 48128K, reserved 1114112K
  class space    used 6110K, committed 6400K, reserved 1048576K
}
Event: 1220.977 GC heap before
{Heap before GC invocations=126 (full 116):
 garbage-first heap   total 81920K, used 24394K [0x00000000c0000000, 0x0000000100000000)
  region size 1024K, 1 young (1024K), 0 survivors (0K)
 Metaspace       used 47476K, committed 48128K, reserved 1114112K
  class space    used 6110K, committed 6400K, reserved 1048576K
}
Event: 1221.013 GC heap after
{Heap after GC invocations=127 (full 117):
 garbage-first heap   total 81920K, used 24394K [0x00000000c0000000, 0x0000000100000000)
  region size 1024K, 0 young (0K), 0 survivors (0K)
 Metaspace       used 47476K, committed 48128K, reserved 1114112K
  class space    used 6110K, committed 6400K, reserved 1048576K
}
Event: 1231.146 GC heap before
{Heap before GC invocations=127 (full 117):
 garbage-first heap   total 81920K, used 24394K [0x00000000c0000000, 0x0000000100000000)
  region size 1024K, 1 young (1024K), 0 survivors (0K)
 Metaspace       used 47476K, committed 48128K, reserved 1114112K
  class space    used 6110K, committed 6400K, reserved 1048576K
}
Event: 1231.180 GC heap after
{Heap after GC invocations=128 (full 118):
 garbage-first heap   total 81920K, used 24394K [0x00000000c0000000, 0x0000000100000000)
  region size 1024K, 0 young (0K), 0 survivors (0K)
 Metaspace       used 47476K, committed 48128K, reserved 1114112K
  class space    used 6110K, committed 6400K, reserved 1048576K
}
Event: 1241.334 GC heap before
{Heap before GC invocations=128 (full 118):
 garbage-first heap   total 81920K, used 24394K [0x00000000c0000000, 0x0000000100000000)
  region size 1024K, 1 young (1024K), 0 survivors (0K)
 Metaspace       used 47476K, committed 48128K, reserved 1114112K
  class space    used 6110K, committed 6400K, reserved 1048576K
}
Event: 1241.351 GC heap after
{Heap after GC invocations=129 (full 119):
 garbage-first heap   total 81920K, used 24394K [0x00000000c0000000, 0x0000000100000000)
  region size 1024K, 0 young (0K), 0 survivors (0K)
 Metaspace       used 47476K, committed 48128K, reserved 1114112K
  class space    used 6110K, committed 6400K, reserved 1048576K
}
Event: 1251.554 GC heap before
{Heap before GC invocations=129 (full 119):
 garbage-first heap   total 81920K, used 24394K [0x00000000c0000000, 0x0000000100000000)
  region size 1024K, 1 young (1024K), 0 survivors (0K)
 Metaspace       used 47476K, committed 48128K, reserved 1114112K
  class space    used 6110K, committed 6400K, reserved 1048576K
}
Event: 1251.596 GC heap after
{Heap after GC invocations=130 (full 120):
 garbage-first heap   total 81920K, used 24394K [0x00000000c0000000, 0x0000000100000000)
  region size 1024K, 0 young (0K), 0 survivors (0K)
 Metaspace       used 47476K, committed 48128K, reserved 1114112K
  class space    used 6110K, committed 6400K, reserved 1048576K
}
Event: 1261.733 GC heap before
{Heap before GC invocations=130 (full 120):
 garbage-first heap   total 81920K, used 24394K [0x00000000c0000000, 0x0000000100000000)
  region size 1024K, 1 young (1024K), 0 survivors (0K)
 Metaspace       used 47476K, committed 48128K, reserved 1114112K
  class space    used 6110K, committed 6400K, reserved 1048576K
}
Event: 1261.760 GC heap after
{Heap after GC invocations=131 (full 121):
 garbage-first heap   total 81920K, used 24394K [0x00000000c0000000, 0x0000000100000000)
  region size 1024K, 0 young (0K), 0 survivors (0K)
 Metaspace       used 47476K, committed 48128K, reserved 1114112K
  class space    used 6110K, committed 6400K, reserved 1048576K
}

Dll operation events (9 events):
Event: 0.014 Loaded shared library c:\Users\Ruslan\.vscode\extensions\redhat.java-1.26.0-win32-x64\jre\17.0.9-win32-x86_64\bin\java.dll
Event: 0.102 Loaded shared library C:\Users\Ruslan\.vscode\extensions\redhat.java-1.26.0-win32-x64\jre\17.0.9-win32-x86_64\bin\net.dll
Event: 0.104 Loaded shared library C:\Users\Ruslan\.vscode\extensions\redhat.java-1.26.0-win32-x64\jre\17.0.9-win32-x86_64\bin\nio.dll
Event: 0.109 Loaded shared library C:\Users\Ruslan\.vscode\extensions\redhat.java-1.26.0-win32-x64\jre\17.0.9-win32-x86_64\bin\zip.dll
Event: 0.274 Loaded shared library C:\Users\Ruslan\.vscode\extensions\redhat.java-1.26.0-win32-x64\jre\17.0.9-win32-x86_64\bin\jimage.dll
Event: 1.532 Loaded shared library c:\Users\Ruslan\.vscode\extensions\redhat.java-1.26.0-win32-x64\jre\17.0.9-win32-x86_64\bin\verify.dll
Event: 1.783 Loaded shared library C:\Users\Ruslan\.vscode\extensions\redhat.java-1.26.0-win32-x64\jre\17.0.9-win32-x86_64\bin\management.dll
Event: 1.785 Loaded shared library C:\Users\Ruslan\.vscode\extensions\redhat.java-1.26.0-win32-x64\jre\17.0.9-win32-x86_64\bin\management_ext.dll
Event: 2.705 Loaded shared library C:\Users\Ruslan\.vscode\extensions\redhat.java-1.26.0-win32-x64\jre\17.0.9-win32-x86_64\bin\sunmscapi.dll

Deoptimization events (12 events):
Event: 0.955 Thread 0x000002625510f8c0 DEOPT PACKING pc=0x0000026258675099 sp=0x000000d91f0fd450
Event: 0.955 Thread 0x000002625510f8c0 DEOPT UNPACKING pc=0x0000026257df7143 sp=0x000000d91f0fc930 mode 3
Event: 1.134 Thread 0x000002625510f8c0 DEOPT PACKING pc=0x00000262586ea4d5 sp=0x000000d91f0fea90
Event: 1.134 Thread 0x000002625510f8c0 DEOPT UNPACKING pc=0x0000026257df7143 sp=0x000000d91f0fdf38 mode 3
Event: 1.922 Thread 0x00000262650c1e20 DEOPT PACKING pc=0x0000026258881235 sp=0x000000d921ffe230
Event: 1.922 Thread 0x00000262650c1e20 DEOPT UNPACKING pc=0x0000026257df7143 sp=0x000000d921ffd748 mode 3
Event: 1.934 Thread 0x00000262650c1910 DEOPT PACKING pc=0x0000026258604881 sp=0x000000d921efdc90
Event: 1.934 Thread 0x00000262650c1910 DEOPT UNPACKING pc=0x0000026257df7143 sp=0x000000d921efd120 mode 3
Event: 1.939 Thread 0x00000262650c1e20 DEOPT PACKING pc=0x0000026258604397 sp=0x000000d921fff240
Event: 1.939 Thread 0x00000262650c1e20 DEOPT UNPACKING pc=0x0000026257df7143 sp=0x000000d921ffe698 mode 3
Event: 2.753 Thread 0x0000026266c87cf0 DEOPT PACKING pc=0x00000262580a548c sp=0x000000d9226fb120
Event: 2.753 Thread 0x0000026266c87cf0 DEOPT UNPACKING pc=0x0000026257df7143 sp=0x000000d9226fa5e8 mode 0

Classes unloaded (20 events):
Event: 82.705 Thread 0x000002626503ce50 Unloading class 0x0000000100094800 'java/lang/invoke/LambdaForm$MH+0x0000000100094800'
Event: 82.705 Thread 0x000002626503ce50 Unloading class 0x0000000100094400 'java/lang/invoke/LambdaForm$MH+0x0000000100094400'
Event: 82.705 Thread 0x000002626503ce50 Unloading class 0x000000010008e800 'java/lang/invoke/LambdaForm$MH+0x000000010008e800'
Event: 82.705 Thread 0x000002626503ce50 Unloading class 0x000000010008e400 'java/lang/invoke/LambdaForm$MH+0x000000010008e400'
Event: 82.706 Thread 0x000002626503ce50 Unloading class 0x000000010008e000 'java/lang/invoke/LambdaForm$MH+0x000000010008e000'
Event: 82.706 Thread 0x000002626503ce50 Unloading class 0x000000010008dc00 'java/lang/invoke/LambdaForm$MH+0x000000010008dc00'
Event: 82.706 Thread 0x000002626503ce50 Unloading class 0x000000010008d800 'java/lang/invoke/LambdaForm$MH+0x000000010008d800'
Event: 82.706 Thread 0x000002626503ce50 Unloading class 0x000000010008d400 'java/lang/invoke/LambdaForm$MH+0x000000010008d400'
Event: 82.706 Thread 0x000002626503ce50 Unloading class 0x000000010008cc00 'java/lang/invoke/LambdaForm$MH+0x000000010008cc00'
Event: 82.706 Thread 0x000002626503ce50 Unloading class 0x000000010008c800 'java/lang/invoke/LambdaForm$MH+0x000000010008c800'
Event: 82.706 Thread 0x000002626503ce50 Unloading class 0x000000010008c000 'java/lang/invoke/LambdaForm$MH+0x000000010008c000'
Event: 82.706 Thread 0x000002626503ce50 Unloading class 0x000000010008bc00 'java/lang/invoke/LambdaForm$MH+0x000000010008bc00'
Event: 82.706 Thread 0x000002626503ce50 Unloading class 0x000000010008ac00 'java/lang/invoke/LambdaForm$MH+0x000000010008ac00'
Event: 82.706 Thread 0x000002626503ce50 Unloading class 0x000000010008a400 'java/lang/invoke/LambdaForm$MH+0x000000010008a400'
Event: 82.706 Thread 0x000002626503ce50 Unloading class 0x000000010008a000 'java/lang/invoke/LambdaForm$MH+0x000000010008a000'
Event: 82.706 Thread 0x000002626503ce50 Unloading class 0x0000000100089c00 'java/lang/invoke/LambdaForm$MH+0x0000000100089c00'
Event: 82.706 Thread 0x000002626503ce50 Unloading class 0x0000000100089800 'java/lang/invoke/LambdaForm$MH+0x0000000100089800'
Event: 82.706 Thread 0x000002626503ce50 Unloading class 0x0000000100089400 'java/lang/invoke/LambdaForm$MH+0x0000000100089400'
Event: 82.706 Thread 0x000002626503ce50 Unloading class 0x0000000100088c00 'java/lang/invoke/LambdaForm$MH+0x0000000100088c00'
Event: 82.706 Thread 0x000002626503ce50 Unloading class 0x0000000100088400 'java/lang/invoke/LambdaForm$MH+0x0000000100088400'

Classes redefined (0 events):
No events

Internal exceptions (20 events):
Event: 2.129 Thread 0x00000262650bf5a0 Exception <a 'sun/nio/fs/WindowsException'{0x00000000c450a788}> (0x00000000c450a788) 
thrown [s\src\hotspot\share\prims\jni.cpp, line 516]
Event: 2.129 Thread 0x00000262650bf5a0 Exception <a 'sun/nio/fs/WindowsException'{0x00000000c450b188}> (0x00000000c450b188) 
thrown [s\src\hotspot\share\prims\jni.cpp, line 516]
Event: 2.129 Thread 0x00000262650bf5a0 Exception <a 'sun/nio/fs/WindowsException'{0x00000000c450bb50}> (0x00000000c450bb50) 
thrown [s\src\hotspot\share\prims\jni.cpp, line 516]
Event: 2.129 Thread 0x00000262650bf5a0 Exception <a 'sun/nio/fs/WindowsException'{0x00000000c450c5f0}> (0x00000000c450c5f0) 
thrown [s\src\hotspot\share\prims\jni.cpp, line 516]
Event: 2.129 Thread 0x00000262650bf5a0 Exception <a 'sun/nio/fs/WindowsException'{0x00000000c450d0e0}> (0x00000000c450d0e0) 
thrown [s\src\hotspot\share\prims\jni.cpp, line 516]
Event: 2.129 Thread 0x00000262650bf5a0 Exception <a 'sun/nio/fs/WindowsException'{0x00000000c4514470}> (0x00000000c4514470) 
thrown [s\src\hotspot\share\prims\jni.cpp, line 516]
Event: 2.129 Thread 0x00000262650bf5a0 Exception <a 'sun/nio/fs/WindowsException'{0x00000000c4514e58}> (0x00000000c4514e58) 
thrown [s\src\hotspot\share\prims\jni.cpp, line 516]
Event: 2.129 Thread 0x00000262650bf5a0 Exception <a 'sun/nio/fs/WindowsException'{0x00000000c4515820}> (0x00000000c4515820) 
thrown [s\src\hotspot\share\prims\jni.cpp, line 516]
Event: 2.129 Thread 0x00000262650bf5a0 Exception <a 'sun/nio/fs/WindowsException'{0x00000000c45162c0}> (0x00000000c45162c0) 
thrown [s\src\hotspot\share\prims\jni.cpp, line 516]
Event: 2.129 Thread 0x00000262650bf5a0 Exception <a 'sun/nio/fs/WindowsException'{0x00000000c4516db0}> (0x00000000c4516db0) 
thrown [s\src\hotspot\share\prims\jni.cpp, line 516]
Event: 2.131 Thread 0x00000262650bf5a0 Exception <a 'sun/nio/fs/WindowsException'{0x00000000c453be98}> (0x00000000c453be98) 
thrown [s\src\hotspot\share\prims\jni.cpp, line 516]
Event: 2.588 Thread 0x0000026266c87cf0 Exception <a 'java/lang/NoSuchMethodError'{0x00000000c442e958}: 'void java.lang.invoke.DirectMethodHandle$Holder.invokeVirtual(java.lang.Object, java.lang.Object, java.lang.Object, java.lang.Object)'> (0x00000000c442e958) 
thrown [s\src\hotspot\share\interpreter\linkResolver.cpp, line 759]
Event: 2.660 Thread 0x0000026266c87cf0 Exception <a 'java/lang/NoSuchMethodError'{0x00000000c40f8b30}: 'java.lang.Object java.lang.invoke.DirectMethodHandle$Holder.invokeStatic(java.lang.Object, java.lang.Object, int, java.lang.Object)'> (0x00000000c40f8b30) 
thrown [s\src\hotspot\share\interpreter\linkResolver.cpp, line 759]
Event: 2.660 Thread 0x0000026266c87cf0 Exception <a 'java/lang/NoSuchMethodError'{0x00000000c40fef10}: 'java.lang.Object java.lang.invoke.DirectMethodHandle$Holder.newInvokeSpecial(java.lang.Object, java.lang.Object, int)'> (0x00000000c40fef10) 
thrown [s\src\hotspot\share\interpreter\linkResolver.cpp, line 759]
Event: 2.750 Thread 0x0000026266c87cf0 Exception <a 'sun/nio/fs/WindowsException'{0x00000000c370fa10}> (0x00000000c370fa10) 
thrown [s\src\hotspot\share\prims\jni.cpp, line 516]
Event: 41.802 Thread 0x00000262650bfab0 Exception <a 'java/lang/NoSuchMethodError'{0x00000000c4bec9d0}: 'void java.lang.invoke.DirectMethodHandle$Holder.invokeStatic(java.lang.Object, long)'> (0x00000000c4bec9d0) 
thrown [s\src\hotspot\share\interpreter\linkResolver.cpp, line 759]
Event: 41.802 Thread 0x00000262650bfab0 Exception <a 'java/lang/NoSuchMethodError'{0x00000000c4bf1d78}: 'java.lang.Object java.lang.invoke.DirectMethodHandle$Holder.newInvokeSpecial(java.lang.Object, long)'> (0x00000000c4bf1d78) 
thrown [s\src\hotspot\share\interpreter\linkResolver.cpp, line 759]
Event: 303.546 Thread 0x0000026266c89640 Exception <a 'java/io/IOException'{0x00000000c5378ce0}> (0x00000000c5378ce0) 
thrown [s\src\hotspot\share\prims\jni.cpp, line 516]
Event: 304.205 Thread 0x0000026266c88710 Exception <a 'java/io/IOException'{0x00000000c5382e00}> (0x00000000c5382e00) 
thrown [s\src\hotspot\share\prims\jni.cpp, line 516]
Event: 304.737 Thread 0x0000026266c8b4a0 Exception <a 'java/io/IOException'{0x00000000c53955d8}> (0x00000000c53955d8) 
thrown [s\src\hotspot\share\prims\jni.cpp, line 516]

VM Operations (20 events):
Event: 1180.347 Executing VM operation: G1CollectFull done
Event: 1190.452 Executing VM operation: G1CollectFull
Event: 1190.480 Executing VM operation: G1CollectFull done
Event: 1200.640 Executing VM operation: G1CollectFull
Event: 1200.674 Executing VM operation: G1CollectFull done
Event: 1210.804 Executing VM operation: G1CollectFull
Event: 1210.830 Executing VM operation: G1CollectFull done
Event: 1220.977 Executing VM operation: G1CollectFull
Event: 1221.013 Executing VM operation: G1CollectFull done
Event: 1222.022 Executing VM operation: Cleanup
Event: 1222.023 Executing VM operation: Cleanup done
Event: 1231.146 Executing VM operation: G1CollectFull
Event: 1231.181 Executing VM operation: G1CollectFull done
Event: 1241.333 Executing VM operation: G1CollectFull
Event: 1241.351 Executing VM operation: G1CollectFull done
Event: 1251.554 Executing VM operation: G1CollectFull
Event: 1251.596 Executing VM operation: G1CollectFull done
Event: 1261.733 Executing VM operation: G1CollectFull
Event: 1261.777 Executing VM operation: G1CollectFull done
Event: 1271.815 Executing VM operation: G1CollectFull

Events (20 events):
Event: 303.545 loading class sun/nio/ch/SocketOptionRegistry$LazyInitialization done
Event: 303.545 loading class sun/nio/ch/OptionKey
Event: 303.545 loading class sun/nio/ch/OptionKey done
Event: 303.545 loading class sun/nio/ch/ExtendedSocketOption
Event: 303.545 loading class sun/nio/ch/ExtendedSocketOption done
Event: 303.545 loading class sun/nio/ch/ExtendedSocketOption$1
Event: 303.545 loading class sun/nio/ch/ExtendedSocketOption$1 done
Event: 303.545 loading class sun/security/ssl/Alert
Event: 303.545 loading class sun/security/ssl/Alert done
Event: 303.545 loading class sun/security/ssl/Alert$AlertConsumer
Event: 303.545 loading class sun/security/ssl/Alert$AlertConsumer done
Event: 303.545 loading class sun/security/ssl/Alert$Level
Event: 303.545 loading class sun/security/ssl/Alert$Level done
Event: 303.546 loading class sun/net/ConnectionResetException
Event: 303.546 loading class sun/net/ConnectionResetException done
Event: 363.577 Thread 0x0000026266c8a060 Thread exited: 0x0000026266c8a060
Event: 364.213 Thread 0x0000026266c88710 Thread exited: 0x0000026266c88710
Event: 364.213 Thread 0x0000026266c89130 Thread exited: 0x0000026266c89130
Event: 364.743 Thread 0x0000026266c8b4a0 Thread exited: 0x0000026266c8b4a0
Event: 364.743 Thread 0x0000026266c89640 Thread exited: 0x0000026266c89640


Dynamic libraries:
0x00007ff65a130000 - 0x00007ff65a13e000 	c:\Users\Ruslan\.vscode\extensions\redhat.java-1.26.0-win32-x64\jre\17.0.9-win32-x86_64\bin\java.exe
0x00007ffce57f0000 - 0x00007ffce5a04000 	C:\Windows\SYSTEM32\ntdll.dll
0x00007ffce5310000 - 0x00007ffce53d2000 	C:\Windows\System32\KERNEL32.DLL
0x00007ffce2f40000 - 0x00007ffce32e3000 	C:\Windows\System32\KERNELBASE.dll
0x00007ffce33a0000 - 0x00007ffce34b1000 	C:\Windows\System32\ucrtbase.dll
0x00007ffcc8380000 - 0x00007ffcc8397000 	c:\Users\Ruslan\.vscode\extensions\redhat.java-1.26.0-win32-x64\jre\17.0.9-win32-x86_64\bin\jli.dll
0x00007ffce3710000 - 0x00007ffce38ba000 	C:\Windows\System32\USER32.dll
0x00007ffce32f0000 - 0x00007ffce3316000 	C:\Windows\System32\win32u.dll
0x00007ffce53e0000 - 0x00007ffce5409000 	C:\Windows\System32\GDI32.dll
0x00007ffce2e20000 - 0x00007ffce2f39000 	C:\Windows\System32\gdi32full.dll
0x00007ffce3530000 - 0x00007ffce35ca000 	C:\Windows\System32\msvcp_win.dll
0x00007ffcc82c0000 - 0x00007ffcc82db000 	c:\Users\Ruslan\.vscode\extensions\redhat.java-1.26.0-win32-x64\jre\17.0.9-win32-x86_64\bin\VCRUNTIME140.dll
0x00007ffcc33e0000 - 0x00007ffcc366e000 	C:\Windows\WinSxS\amd64_microsoft.windows.common-controls_6595b64144ccf1df_6.0.22621.1635_none_270f70857386168e\COMCTL32.dll
0x00007ffce35d0000 - 0x00007ffce3677000 	C:\Windows\System32\msvcrt.dll
0x00007ffce55b0000 - 0x00007ffce55e1000 	C:\Windows\System32\IMM32.DLL
0x00007ffcd9940000 - 0x00007ffcd994c000 	c:\Users\Ruslan\.vscode\extensions\redhat.java-1.26.0-win32-x64\jre\17.0.9-win32-x86_64\bin\vcruntime140_1.dll
0x00007ffcc5a70000 - 0x00007ffcc5afd000 	c:\Users\Ruslan\.vscode\extensions\redhat.java-1.26.0-win32-x64\jre\17.0.9-win32-x86_64\bin\msvcp140.dll
0x00007ffc521c0000 - 0x00007ffc52e21000 	c:\Users\Ruslan\.vscode\extensions\redhat.java-1.26.0-win32-x64\jre\17.0.9-win32-x86_64\bin\server\jvm.dll
0x00007ffce3aa0000 - 0x00007ffce3b4e000 	C:\Windows\System32\ADVAPI32.dll
0x00007ffce39f0000 - 0x00007ffce3a94000 	C:\Windows\System32\sechost.dll
0x00007ffce38d0000 - 0x00007ffce39e7000 	C:\Windows\System32\RPCRT4.dll
0x00007ffce1ab0000 - 0x00007ffce1afd000 	C:\Windows\SYSTEM32\POWRPROF.dll
0x00007ffcc4eb0000 - 0x00007ffcc4eb9000 	C:\Windows\SYSTEM32\WSOCK32.dll
0x00007ffce5290000 - 0x00007ffce5301000 	C:\Windows\System32\WS2_32.dll
0x00007ffcd8b80000 - 0x00007ffcd8bb4000 	C:\Windows\SYSTEM32\WINMM.dll
0x00007ffcd8680000 - 0x00007ffcd868a000 	C:\Windows\SYSTEM32\VERSION.dll
0x00007ffce1a90000 - 0x00007ffce1aa3000 	C:\Windows\SYSTEM32\UMPDC.dll
0x00007ffce1c90000 - 0x00007ffce1ca8000 	C:\Windows\SYSTEM32\kernel.appcore.dll
0x00007ffcd1590000 - 0x00007ffcd159a000 	c:\Users\Ruslan\.vscode\extensions\redhat.java-1.26.0-win32-x64\jre\17.0.9-win32-x86_64\bin\jimage.dll
0x00007ffce0570000 - 0x00007ffce079e000 	C:\Windows\SYSTEM32\DBGHELP.DLL
0x00007ffce4c00000 - 0x00007ffce4f89000 	C:\Windows\System32\combase.dll
0x00007ffce4190000 - 0x00007ffce4267000 	C:\Windows\System32\OLEAUT32.dll
0x00007ffcd6620000 - 0x00007ffcd6652000 	C:\Windows\SYSTEM32\dbgcore.DLL
0x00007ffce3320000 - 0x00007ffce339a000 	C:\Windows\System32\bcryptPrimitives.dll
0x00007ffcc7a30000 - 0x00007ffcc7a55000 	c:\Users\Ruslan\.vscode\extensions\redhat.java-1.26.0-win32-x64\jre\17.0.9-win32-x86_64\bin\java.dll
0x00007ffcc75a0000 - 0x00007ffcc75b8000 	c:\Users\Ruslan\.vscode\extensions\redhat.java-1.26.0-win32-x64\jre\17.0.9-win32-x86_64\bin\zip.dll
0x00007ffce4390000 - 0x00007ffce4b89000 	C:\Windows\System32\SHELL32.dll
0x00007ffce0ba0000 - 0x00007ffce146e000 	C:\Windows\SYSTEM32\windows.storage.dll
0x00007ffce0a60000 - 0x00007ffce0b9e000 	C:\Windows\SYSTEM32\wintypes.dll
0x00007ffce4290000 - 0x00007ffce4381000 	C:\Windows\System32\SHCORE.dll
0x00007ffce3b70000 - 0x00007ffce3bce000 	C:\Windows\System32\shlwapi.dll
0x00007ffce2b20000 - 0x00007ffce2b46000 	C:\Windows\SYSTEM32\profapi.dll
0x00007ffcc6910000 - 0x00007ffcc6929000 	C:\Users\Ruslan\.vscode\extensions\redhat.java-1.26.0-win32-x64\jre\17.0.9-win32-x86_64\bin\net.dll
0x00007ffcda520000 - 0x00007ffcda657000 	C:\Windows\SYSTEM32\WINHTTP.dll
0x00007ffce2150000 - 0x00007ffce21b9000 	C:\Windows\system32\mswsock.dll
0x00007ffcc6860000 - 0x00007ffcc6876000 	C:\Users\Ruslan\.vscode\extensions\redhat.java-1.26.0-win32-x64\jre\17.0.9-win32-x86_64\bin\nio.dll
0x00007ffce2470000 - 0x00007ffce248b000 	C:\Windows\SYSTEM32\CRYPTSP.dll
0x00007ffce1c50000 - 0x00007ffce1c85000 	C:\Windows\system32\rsaenh.dll
0x00007ffce21f0000 - 0x00007ffce221c000 	C:\Windows\SYSTEM32\USERENV.dll
0x00007ffce25a0000 - 0x00007ffce25c8000 	C:\Windows\SYSTEM32\bcrypt.dll
0x00007ffce2450000 - 0x00007ffce245c000 	C:\Windows\SYSTEM32\CRYPTBASE.dll
0x00007ffce1740000 - 0x00007ffce176d000 	C:\Windows\SYSTEM32\IPHLPAPI.DLL
0x00007ffce3b60000 - 0x00007ffce3b69000 	C:\Windows\System32\NSI.dll
0x00007ffcda450000 - 0x00007ffcda469000 	C:\Windows\SYSTEM32\dhcpcsvc6.DLL
0x00007ffcda430000 - 0x00007ffcda44f000 	C:\Windows\SYSTEM32\dhcpcsvc.DLL
0x00007ffce1770000 - 0x00007ffce1863000 	C:\Windows\SYSTEM32\DNSAPI.dll
0x00007ffcd11f0000 - 0x00007ffcd1200000 	c:\Users\Ruslan\.vscode\extensions\redhat.java-1.26.0-win32-x64\jre\17.0.9-win32-x86_64\bin\verify.dll
0x00007ffcc77f0000 - 0x00007ffcc77f9000 	C:\Users\Ruslan\.vscode\extensions\redhat.java-1.26.0-win32-x64\jre\17.0.9-win32-x86_64\bin\management.dll
0x00007ffcc7590000 - 0x00007ffcc759b000 	C:\Users\Ruslan\.vscode\extensions\redhat.java-1.26.0-win32-x64\jre\17.0.9-win32-x86_64\bin\management_ext.dll
0x00007ffce3b50000 - 0x00007ffce3b58000 	C:\Windows\System32\PSAPI.DLL
0x00007ffcc6900000 - 0x00007ffcc690e000 	C:\Users\Ruslan\.vscode\extensions\redhat.java-1.26.0-win32-x64\jre\17.0.9-win32-x86_64\bin\sunmscapi.dll
0x00007ffce2bf0000 - 0x00007ffce2d57000 	C:\Windows\System32\CRYPT32.dll
0x00007ffce2570000 - 0x00007ffce259e000 	C:\Windows\SYSTEM32\ncrypt.dll
0x00007ffce2530000 - 0x00007ffce2567000 	C:\Windows\SYSTEM32\NTASN1.dll
0x00007ffcd9340000 - 0x00007ffcd934a000 	C:\Windows\System32\rasadhlp.dll
0x00007ffcd8fb0000 - 0x00007ffcd9034000 	C:\Windows\System32\fwpuclnt.dll

dbghelp: loaded successfully - version: 4.0.5 - missing functions: none
symbol engine: initialized successfully - sym options: 0x614 - pdb path: .;c:\Users\Ruslan\.vscode\extensions\redhat.java-1.26.0-win32-x64\jre\17.0.9-win32-x86_64\bin;C:\Windows\SYSTEM32;C:\Windows\WinSxS\amd64_microsoft.windows.common-controls_6595b64144ccf1df_6.0.22621.1635_none_270f70857386168e;c:\Users\Ruslan\.vscode\extensions\redhat.java-1.26.0-win32-x64\jre\17.0.9-win32-x86_64\bin\server

VM Arguments:
jvm_args: -XX:+HeapDumpOnOutOfMemoryError -Xmx1024m -Dsts.lsp.client=vscode -Dsts.log.file=/dev/null -XX:TieredStopAtLevel=1 -Xlog:jni+resolve=off -Dspring.config.location=file:c:\Users\Ruslan\.vscode\extensions\vmware.vscode-spring-boot-1.51.0\language-server\BOOT-INF\classes\application.properties 
java_command: org.springframework.ide.vscode.boot.app.BootLanguageServerBootApp
java_class_path (initial): c:\Users\Ruslan\.vscode\extensions\vmware.vscode-spring-boot-1.51.0\language-server\BOOT-INF\classes;c:\Users\Ruslan\.vscode\extensions\vmware.vscode-spring-boot-1.51.0\language-server\BOOT-INF\lib\annotations-24.1.0.jar;c:\Users\Ruslan\.vscode\extensions\vmware.vscode-spring-boot-1.51.0\language-server\BOOT-INF\lib\antlr-runtime-3.5.3.jar;c:\Users\Ruslan\.vscode\extensions\vmware.vscode-spring-boot-1.51.0\language-server\BOOT-INF\lib\antlr4-4.11.1.jar;c:\Users\Ruslan\.vscode\extensions\vmware.vscode-spring-boot-1.51.0\language-server\BOOT-INF\lib\antlr4-runtime-4.11.1.jar;c:\Users\Ruslan\.vscode\extensions\vmware.vscode-spring-boot-1.51.0\language-server\BOOT-INF\lib\asm-9.6.jar;c:\Users\Ruslan\.vscode\extensions\vmware.vscode-spring-boot-1.51.0\language-server\BOOT-INF\lib\asm-analysis-9.6.jar;c:\Users\Ruslan\.vscode\extensions\vmware.vscode-spring-boot-1.51.0\language-server\BOOT-INF\lib\asm-tree-9.6.jar;c:\Users\Ruslan\.vscode\extensions\vmware.vscode-spring-boot-1.51.0\language-server\BOOT-INF\lib\asm-util-9.6.jar;c:\Users\Ruslan\.vscode\extensions\vmware.vscode-spring-boot-1.51.0\language-server\BOOT-INF\lib\bosh-language-server-1.51.0-SNAPSHOT.jar;c:\Users\Ruslan\.vscode\extensions\vmware.vscode-spring-boot-1.51.0\language-server\BOOT-INF\lib\caffeine-3.1.8.jar;c:\Users\Ruslan\.vscode\extensions\vmware.vscode-spring-boot-1.51.0\language-server\BOOT-INF\lib\checker-qual-3.12.0.jar;c:\Users\Ruslan\.vscode\extensions\vmware.vscode-spring-boot-1.51.0\language-server\BOOT-INF\lib\classgraph-4.8.149.jar;c:\Users\Ruslan\.vscode\extensions\vmware.vscode-spring-boot-1.51.0\language-server\BOOT-INF\lib\commons-codec-1.15.jar;c:\Users\Ruslan\.vscode\extensions\vmware.vscode-spring-boot-1.51.0\language-server\BOOT-INF\lib\commons-compress-1.25.0.jar;c:\Users\Ruslan\.vscode\extensions\vmware.vscode-spring-boot-1.51.0\language-server\BOOT-INF\lib\commons-io-2.4.jar;c:\Users\Ruslan\.vscode\extensions\vmware.vscode-spring-boot-1.51.0\language-ser
Launcher Type: SUN_STANDARD

[Global flags]
     intx CICompilerCount                          = 12                                        {product} {ergonomic}
     uint ConcGCThreads                            = 4                                         {product} {ergonomic}
     uint G1ConcRefinementThreads                  = 15                                        {product} {ergonomic}
   size_t G1HeapRegionSize                         = 1048576                                   {product} {ergonomic}
    uintx GCDrainStackTargetSize                   = 64                                        {product} {ergonomic}
     bool HeapDumpOnOutOfMemoryError               = true                                   {manageable} {command line}
   size_t InitialHeapSize                          = 264241152                                 {product} {ergonomic}
   size_t MarkStackSize                            = 4194304                                   {product} {ergonomic}
   size_t MaxHeapSize                              = 1073741824                                {product} {command line}
   size_t MaxNewSize                               = 643825664                                 {product} {ergonomic}
   size_t MinHeapDeltaBytes                        = 1048576                                   {product} {ergonomic}
   size_t MinHeapSize                              = 8388608                                   {product} {ergonomic}
    uintx NonProfiledCodeHeapSize                  = 0                                      {pd product} {ergonomic}
     bool ProfileInterpreter                       = false                                  {pd product} {command line}
    uintx ProfiledCodeHeapSize                     = 0                                      {pd product} {ergonomic}
   size_t SoftMaxHeapSize                          = 1073741824                             {manageable} {ergonomic}
     intx TieredStopAtLevel                        = 1                                         {product} {command line}
     bool UseCompressedClassPointers               = true                           {product lp64_product} {ergonomic}
     bool UseCompressedOops                        = true                           {product lp64_product} {ergonomic}
     bool UseG1GC                                  = true                                      {product} {ergonomic}
     bool UseLargePagesIndividualAllocation        = false                                  {pd product} {ergonomic}

Logging:
Log output configuration:
 #0: stdout all=warning,jni+resolve=off uptime,level,tags
 #1: stderr all=off uptime,level,tags

Environment Variables:
PATH=C:\Program Files\Common Files\Oracle\Java\javapath;C:\Windows\system32;C:\Windows;C:\Windows\System32\Wbem;C:\Windows\System32\WindowsPowerShell\v1.0\;C:\Windows\System32\OpenSSH\;C:\Program Files\dotnet\;C:\Users\Ruslan\AppData\Local\Programs\Python\Python39\Scripts;C:\Program Files\NVIDIA Corporation\NVIDIA NvDLISR;C:\Program Files (x86)\NVIDIA Corporation\PhysX\Common;C:\Program Files\Git\cmd;D:\Programms\NodeJS\;C:\Users\Ruslan\AppData\Local\Microsoft\WindowsApps;;D:\Programms\PyCharm 2023.1.4\bin;;D:\Programms\PhpStorm 2023.1.4\bin;;D:\Programms\CLion 2023.2.2\bin;;D:\Programms\IntelliJ IDEA 2023.3.2\bin;;C:\Users\Ruslan\AppData\Roaming\npm;D:\Programms\Microsoft VS Code\bin
USERNAME=Ruslan
OS=Windows_NT
PROCESSOR_IDENTIFIER=Intel64 Family 6 Model 186 Stepping 2, GenuineIntel
TMP=C:\Users\Ruslan\AppData\Local\Temp
TEMP=C:\Users\Ruslan\AppData\Local\Temp



Periodic native trim disabled


---------------  S Y S T E M  ---------------

OS:
 Windows 11 , 64 bit Build 22621 (10.0.22621.1928)
OS uptime: 0 days 4:25 hours
Hyper-V role detected

CPU: total 20 (initial active 20) (10 cores per cpu, 2 threads per core) family 6 model 186 stepping 2 microcode 0x410e, cx8, cmov, fxsr, ht, mmx, 3dnowpref, sse, sse2, sse3, ssse3, sse4.1, sse4.2, popcnt, lzcnt, tsc, tscinvbit, avx, avx2, aes, erms, clmul, bmi1, bmi2, adx, sha, fma, vzeroupper, clflush, clflushopt, clwb, hv
Processor Information for processor 0
  Max Mhz: 2400, Current Mhz: 2400, Mhz Limit: 2400
Processor Information for processor 1
  Max Mhz: 2400, Current Mhz: 1520, Mhz Limit: 2400
Processor Information for processor 2
  Max Mhz: 2400, Current Mhz: 2400, Mhz Limit: 2400
Processor Information for processor 3
  Max Mhz: 2400, Current Mhz: 1520, Mhz Limit: 2400
Processor Information for processor 4
  Max Mhz: 2400, Current Mhz: 2400, Mhz Limit: 2400
Processor Information for processor 5
  Max Mhz: 2400, Current Mhz: 2400, Mhz Limit: 2400
Processor Information for processor 6
  Max Mhz: 2400, Current Mhz: 2400, Mhz Limit: 2400
Processor Information for processor 7
  Max Mhz: 2400, Current Mhz: 2400, Mhz Limit: 2400
Processor Information for processor 8
  Max Mhz: 2400, Current Mhz: 2400, Mhz Limit: 2400
Processor Information for processor 9
  Max Mhz: 2400, Current Mhz: 2400, Mhz Limit: 2400
Processor Information for processor 10
  Max Mhz: 2400, Current Mhz: 2400, Mhz Limit: 2400
Processor Information for processor 11
  Max Mhz: 2400, Current Mhz: 2400, Mhz Limit: 2400
Processor Information for processor 12
  Max Mhz: 2400, Current Mhz: 1500, Mhz Limit: 1800
Processor Information for processor 13
  Max Mhz: 2400, Current Mhz: 1500, Mhz Limit: 1800
Processor Information for processor 14
  Max Mhz: 2400, Current Mhz: 1800, Mhz Limit: 1800
Processor Information for processor 15
  Max Mhz: 2400, Current Mhz: 1500, Mhz Limit: 1800
Processor Information for processor 16
  Max Mhz: 2400, Current Mhz: 1500, Mhz Limit: 1800
Processor Information for processor 17
  Max Mhz: 2400, Current Mhz: 1500, Mhz Limit: 1800
Processor Information for processor 18
  Max Mhz: 2400, Current Mhz: 1500, Mhz Limit: 1800
Processor Information for processor 19
  Max Mhz: 2400, Current Mhz: 1500, Mhz Limit: 1800

Memory: 4k page, system-wide physical 16068M (2097M free)
TotalPageFile size 20067M (AvailPageFile size 4M)
current process WorkingSet (physical memory assigned to process): 191M, peak: 206M
current process commit charge ("private bytes"): 245M, peak: 382M

vm_info: OpenJDK 64-Bit Server VM (17.0.9+9) for windows-amd64 JRE (17.0.9+9), built on Oct 26 2023 14:01:42 by "admin" with MS VC++ 16.10 / 16.11 (VS2019)

END.
